#
# There is insufficient memory for the Java Runtime Environment to continue.
# Native memory allocation (malloc) failed to allocate 32744 bytes. Error detail: Chunk::new
# Possible reasons:
#   The system is out of physical RAM or swap space
#   This process is running with CompressedOops enabled, and the Java Heap may be blocking the growth of the native heap
# Possible solutions:
#   Reduce memory load on the system
#   Increase physical memory or swap space
#   Check if swap backing store is full
#   Decrease Java heap size (-Xmx/-Xms)
#   Decrease number of Java threads
#   Decrease Java thread stack sizes (-Xss)
#   Set larger code cache with -XX:ReservedCodeCacheSize=
#   JVM is running with Zero Based Compressed Oops mode in which the Java heap is
#     placed in the first 32GB address space. The Java Heap base address is the
#     maximum limit for the native heap growth. Please use -XX:HeapBaseMinAddress
#     to set the Java Heap base and to place the Java Heap above 32GB virtual address.
# This output file may be truncated or incomplete.
#
#  Out of Memory Error (arena.cpp:168), pid=18496, tid=22176
#
# JRE version: OpenJDK Runtime Environment Temurin-21.0.7+6 (21.0.7+6) (build 21.0.7+6-LTS)
# Java VM: OpenJDK 64-Bit Server VM Temurin-21.0.7+6 (21.0.7+6-LTS, mixed mode, sharing, tiered, compressed oops, compressed class ptrs, g1 gc, windows-amd64)
# No core dump will be written. Minidumps are not enabled by default on client versions of Windows
#

---------------  S U M M A R Y ------------

Command Line: --add-modules=ALL-SYSTEM --add-opens=java.base/java.util=ALL-UNNAMED --add-opens=java.base/java.lang=ALL-UNNAMED --add-opens=java.base/sun.nio.fs=ALL-UNNAMED -Declipse.application=org.eclipse.jdt.ls.core.id1 -Dosgi.bundles.defaultStartLevel=4 -Declipse.product=org.eclipse.jdt.ls.core.product -Djava.import.generatesMetadataFilesAtProjectRoot=false -DDetectVMInstallationsJob.disabled=true -Dfile.encoding=utf8 -Xlog:disable -Xmx4G -Xms512M -javaagent:c:\Users\AGOUROU GUSTAVE\.vscode\extensions\redhat.java-1.44.2025062800-win32-x64\lombok\lombok-1.18.39-4050.jar -XX:+HeapDumpOnOutOfMemoryError -XX:HeapDumpPath=c:\Users\AGOUROU GUSTAVE\AppData\Roaming\Code\User\workspaceStorage\54fffa1a373d3329a21ab6dc09383b05\redhat.java -Daether.dependencyCollector.impl=bf c:\Users\AGOUROU GUSTAVE\.vscode\extensions\redhat.java-1.44.2025062800-win32-x64\server\plugins\org.eclipse.equinox.launcher_1.7.0.v20250519-0528.jar -configuration c:\Users\AGOUROU GUSTAVE\AppData\Roaming\Code\User\globalStorage\redhat.java\1.44.2025062800\config_win -data c:\Users\AGOUROU GUSTAVE\AppData\Roaming\Code\User\workspaceStorage\54fffa1a373d3329a21ab6dc09383b05\redhat.java\jdt_ws --pipe=\\.\pipe\lsp-bf2645a82beef2e392ef027d86a57303-sock

Host: Intel(R) Core(TM) i3-5005U CPU @ 2.00GHz, 4 cores, 3G,  Windows 10 , 64 bit Build 19041 (10.0.19041.5915)
Time: Mon Jun 30 22:25:44 2025 Paris, Madrid (heure duild 19041 (10.0.19041.5915) elapsed time: 134.008447 seconds (0d 0h 2m 14s)

---------------  T H R E A D  ---------------

Current thread (0x00000242ae2181a0):  JavaThread "C2 CompilerThread0" daemon [_thread_in_native, id=22176, stack(0x00000076e5600000,0x00000076e5700000) (1024K)]


Current CompileTask:
C2:134008 12016       4       java.lang.invoke.MethodType::methodType (69 bytes)

Stack: [0x00000076e5600000,0x00000076e5700000]
Native frames: (J=compiled Java code, j=interpreted, Vv=VM code, C=native code)
V  [jvm.dll+0x6ce119]
V  [jvm.dll+0x8a84a1]
V  [jvm.dll+0x8aa9ce]
V  [jvm.dll+0x8ab0b3]
V  [jvm.dll+0x27f8a6]
V  [jvm.dll+0xc507d]
V  [jvm.dll+0xc55b3]
V  [jvm.dll+0x3bbb35]
V  [jvm.dll+0x5d7314]
V  [jvm.dll+0x382ad4]
V  [jvm.dll+0x381f0a]
V  [jvm.dll+0x247af0]
V  [jvm.dll+0x2470cf]
V  [jvm.dll+0x1c760e]
V  [jvm.dll+0x25695a]
V  [jvm.dll+0x254efa]
V  [jvm.dll+0x3f03f6]
V  [jvm.dll+0x851f6b]
V  [jvm.dll+0x6cc7dd]
C  [ucrtbase.dll+0x21bb2]
C  [KERNEL32.DLL+0x17374]
C  [ntdll.dll+0x4cc91]


---------------  P R O C E S S  ---------------

Threads class SMR info:
_java_thread_list=0x00000242f5206a70, length=47, elements={
0x0000024294ac29a0, 0x00000242ae2119c0, 0x00000242ae213020, 0x00000242ae214be0,
0x00000242ae215630, 0x00000242ae216080, 0x00000242ae217420, 0x00000242ae2181a0,
0x00000242ae289180, 0x00000242ae1e2f70, 0x00000242ae5ee710, 0x00000242ae9b0020,
0x00000242aec03fb0, 0x00000242ae449bb0, 0x00000242ae44a210, 0x00000242f40d0130,
0x00000242ae3cef70, 0x00000242aeb80e00, 0x00000242aeb7f3c0, 0x00000242aeb7e6a0,
0x00000242aeb81490, 0x00000242aeb800e0, 0x00000242aeb7fa50, 0x00000242aeb7ed30,
0x00000242aeb81b20, 0x00000242aeb80770, 0x00000242f6d5c060, 0x00000242f6d5d410,
0x00000242f6d5e7c0, 0x00000242f6d60f20, 0x00000242f6d60890, 0x00000242f6d622d0,
0x00000242f6d5c6f0, 0x00000242f6d5fb70, 0x00000242f6d60200, 0x00000242f6d62ff0,
0x00000242f6d5ee50, 0x00000242f6d5daa0, 0x00000242f6d615b0, 0x00000242f6d62960,
0x00000242f6d63680, 0x00000242ae901e00, 0x00000242ae902490, 0x00000242ae908070,
0x00000242ae902b20, 0x00000242ae9010e0, 0x00000242ae908700
}

Java Threads: ( => current thread )
  0x0000024294ac29a0 JavaThread "main"                              [_thread_blocked, id=2416, stack(0x00000076e4800000,0x00000076e4900000) (1024K)]
  0x00000242ae2119c0 JavaThread "Reference Handler"          daemon [_thread_blocked, id=20424, stack(0x00000076e5000000,0x00000076e5100000) (1024K)]
  0x00000242ae213020 JavaThread "Finalizer"                  daemon [_thread_blocked, id=10444, stack(0x00000076e5100000,0x00000076e5200000) (1024K)]
  0x00000242ae214be0 JavaThread "Signal Dispatcher"          daemon [_thread_blocked, id=14960, stack(0x00000076e5200000,0x00000076e5300000) (1024K)]
  0x00000242ae215630 JavaThread "Attach Listener"            daemon [_thread_blocked, id=26236, stack(0x00000076e5300000,0x00000076e5400000) (1024K)]
  0x00000242ae216080 JavaThread "Service Thread"             daemon [_thread_blocked, id=26952, stack(0x00000076e5400000,0x00000076e5500000) (1024K)]
  0x00000242ae217420 JavaThread "Monitor Deflation Thread"   daemon [_thread_blocked, id=9188, stack(0x00000076e5500000,0x00000076e5600000) (1024K)]
=>0x00000242ae2181a0 JavaThread "C2 CompilerThread0"         daemon [_thread_in_native, id=22176, stack(0x00000076e5600000,0x00000076e5700000) (1024K)]
  0x00000242ae289180 JavaThread "C1 CompilerThread0"         daemon [_thread_blocked, id=3848, stack(0x00000076e5700000,0x00000076e5800000) (1024K)]
  0x00000242ae1e2f70 JavaThread "Common-Cleaner"             daemon [_thread_blocked, id=20608, stack(0x00000076e5800000,0x00000076e5900000) (1024K)]
  0x00000242ae5ee710 JavaThread "Notification Thread"        daemon [_thread_blocked, id=14032, stack(0x00000076e5900000,0x00000076e5a00000) (1024K)]
  0x00000242ae9b0020 JavaThread "Active Thread: Equinox Container: 4e017e9f-6361-4a68-94e5-985c485ef242"        [_thread_blocked, id=25220, stack(0x00000076e5d00000,0x00000076e5e00000) (1024K)]
  0x00000242aec03fb0 JavaThread "Refresh Thread: Equinox Container: 4e017e9f-6361-4a68-94e5-985c485ef242" daemon [_thread_blocked, id=24032, stack(0x00000076e5e00000,0x00000076e5f00000) (1024K)]
  0x00000242ae449bb0 JavaThread "Framework Event Dispatcher: Equinox Container: 4e017e9f-6361-4a68-94e5-985c485ef242" daemon [_thread_blocked, id=25936, stack(0x00000076e5f00000,0x00000076e6000000) (1024K)]
  0x00000242ae44a210 JavaThread "Start Level: Equinox Container: 4e017e9f-6361-4a68-94e5-985c485ef242" daemon [_thread_blocked, id=25852, stack(0x00000076e6000000,0x00000076e6100000) (1024K)]
  0x00000242f40d0130 JavaThread "Bundle File Closer"         daemon [_thread_blocked, id=24372, stack(0x00000076e6100000,0x00000076e6200000) (1024K)]
  0x00000242ae3cef70 JavaThread "SCR Component Actor"        daemon [_thread_blocked, id=12476, stack(0x00000076e6200000,0x00000076e6300000) (1024K)]
  0x00000242aeb80e00 JavaThread "Worker-JM"                         [_thread_blocked, id=10280, stack(0x00000076e6400000,0x00000076e6500000) (1024K)]
  0x00000242aeb7f3c0 JavaThread "Worker-0"                          [_thread_blocked, id=15376, stack(0x00000076e6500000,0x00000076e6600000) (1024K)]
  0x00000242aeb7e6a0 JavaThread "Worker-1"                          [_thread_blocked, id=14612, stack(0x00000076e6600000,0x00000076e6700000) (1024K)]
  0x00000242aeb81490 JavaThread "Worker-2: Initialize workspace"        [_thread_in_native, id=17240, stack(0x00000076e6700000,0x00000076e6800000) (1024K)]
  0x00000242aeb800e0 JavaThread "Worker-3"                          [_thread_blocked, id=16380, stack(0x00000076e6800000,0x00000076e6900000) (1024K)]
  0x00000242aeb7fa50 JavaThread "Java indexing"              daemon [_thread_blocked, id=11260, stack(0x00000076e6900000,0x00000076e6a00000) (1024K)]
  0x00000242aeb7ed30 JavaThread "JNA Cleaner"                daemon [_thread_blocked, id=12292, stack(0x00000076e6a00000,0x00000076e6b00000) (1024K)]
  0x00000242aeb81b20 JavaThread "Worker-4"                          [_thread_blocked, id=24408, stack(0x00000076e6b00000,0x00000076e6c00000) (1024K)]
  0x00000242aeb80770 JavaThread "Worker-5"                          [_thread_blocked, id=11452, stack(0x00000076e6c00000,0x00000076e6d00000) (1024K)]
  0x00000242f6d5c060 JavaThread "Thread-2"                   daemon [_thread_in_native, id=26400, stack(0x00000076e6d00000,0x00000076e6e00000) (1024K)]
  0x00000242f6d5d410 JavaThread "Thread-3"                   daemon [_thread_in_native, id=25480, stack(0x00000076e6e00000,0x00000076e6f00000) (1024K)]
  0x00000242f6d5e7c0 JavaThread "Thread-4"                   daemon [_thread_in_native, id=21696, stack(0x00000076e6f00000,0x00000076e7000000) (1024K)]
  0x00000242f6d60f20 JavaThread "Thread-5"                   daemon [_thread_in_native, id=19316, stack(0x00000076e7000000,0x00000076e7100000) (1024K)]
  0x00000242f6d60890 JavaThread "Thread-6"                   daemon [_thread_in_native, id=16648, stack(0x00000076e7100000,0x00000076e7200000) (1024K)]
  0x00000242f6d622d0 JavaThread "pool-2-thread-1"                   [_thread_blocked, id=19916, stack(0x00000076e7200000,0x00000076e7300000) (1024K)]
  0x00000242f6d5c6f0 JavaThread "WorkspaceEventsHandler"            [_thread_blocked, id=22972, stack(0x00000076e6300000,0x00000076e6400000) (1024K)]
  0x00000242f6d5fb70 JavaThread "pool-1-thread-1"                   [_thread_blocked, id=25344, stack(0x00000076e7300000,0x00000076e7400000) (1024K)]
  0x00000242f6d60200 JavaThread "Worker-6"                          [_thread_blocked, id=5364, stack(0x00000076e7700000,0x00000076e7800000) (1024K)]
  0x00000242f6d62ff0 JavaThread "LocalFile Deleter"          daemon [_thread_blocked, id=26532, stack(0x00000076e4600000,0x00000076e4700000) (1024K)]
  0x00000242f6d5ee50 JavaThread "LocalFile Deleter"          daemon [_thread_blocked, id=27176, stack(0x00000076e4700000,0x00000076e4800000) (1024K)]
  0x00000242f6d5daa0 JavaThread "LocalFile Deleter"          daemon [_thread_blocked, id=25848, stack(0x00000076e7800000,0x00000076e7900000) (1024K)]
  0x00000242f6d615b0 JavaThread "Compiler Source File Reader" daemon [_thread_blocked, id=21692, stack(0x00000076e7900000,0x00000076e7a00000) (1024K)]
  0x00000242f6d62960 JavaThread "Compiler Processing Task"   daemon [_thread_blocked, id=9388, stack(0x00000076e7a00000,0x00000076e7b00000) (1024K)]
  0x00000242f6d63680 JavaThread "Compiler Class File Writer" daemon [_thread_blocked, id=21964, stack(0x00000076e7b00000,0x00000076e7c00000) (1024K)]
  0x00000242ae901e00 JavaThread "LocalFile Deleter"          daemon [_thread_blocked, id=14492, stack(0x00000076e7c00000,0x00000076e7d00000) (1024K)]
  0x00000242ae902490 JavaThread "Compiler Source File Reader" daemon [_thread_blocked, id=18436, stack(0x00000076e7d00000,0x00000076e7e00000) (1024K)]
  0x00000242ae908070 JavaThread "Compiler Class File Writer" daemon [_thread_blocked, id=10900, stack(0x00000076e7e00000,0x00000076e7f00000) (1024K)]
  0x00000242ae902b20 JavaThread "ForkJoinPool.commonPool-worker-1" daemon [_thread_in_Java, id=11420, stack(0x00000076e7f00000,0x00000076e8000000) (1024K)]
  0x00000242ae9010e0 JavaThread "ForkJoinPool.commonPool-worker-2" daemon [_thread_in_vm, id=23308, stack(0x00000076e8000000,0x00000076e8100000) (1024K)]
  0x00000242ae908700 JavaThread "ForkJoinPool.commonPool-worker-3" daemon [_thread_blocked, id=8660, stack(0x00000076e8100000,0x00000076e8200000) (1024K)]
Total: 47

Other Threads:
  0x00000242ae1eebd0 VMThread "VM Thread"                           [id=20864, stack(0x00000076e4f00000,0x00000076e5000000) (1024K)]
  0x00000242ae1e0d40 WatcherThread "VM Periodic Task Thread"        [id=9740, stack(0x00000076e4e00000,0x00000076e4f00000) (1024K)]
  0x0000024294b2d6f0 WorkerThread "GC Thread#0"                     [id=6120, stack(0x00000076e4900000,0x00000076e4a00000) (1024K)]
  0x00000242ae5a2610 WorkerThread "GC Thread#1"                     [id=27620, stack(0x00000076e5a00000,0x00000076e5b00000) (1024K)]
  0x00000242ae5a29b0 WorkerThread "GC Thread#2"                     [id=24052, stack(0x00000076e5b00000,0x00000076e5c00000) (1024K)]
  0x00000242ae8214f0 WorkerThread "GC Thread#3"                     [id=3044, stack(0x00000076e5c00000,0x00000076e5d00000) (1024K)]
  0x0000024294b3ecf0 ConcurrentGCThread "G1 Main Marker"            [id=20764, stack(0x00000076e4a00000,0x00000076e4b00000) (1024K)]
  0x0000024294b3f600 WorkerThread "G1 Conc#0"                       [id=9204, stack(0x00000076e4b00000,0x00000076e4c00000) (1024K)]
  0x00000242ae0b1620 ConcurrentGCThread "G1 Refine#0"               [id=23508, stack(0x00000076e4c00000,0x00000076e4d00000) (1024K)]
  0x00000242ae0b1e40 ConcurrentGCThread "G1 Service"                [id=6012, stack(0x00000076e4d00000,0x00000076e4e00000) (1024K)]
Total: 10

Threads with active compile tasks:
C2 CompilerThread0  134102 12016       4       java.lang.invoke.MethodType::methodType (69 bytes)
Total: 1

VM state: not at safepoint (normal execution)

VM Mutex/Monitor currently owned by a thread: None

Heap address: 0x0000000700000000, size: 4096 MB, Compressed Oops mode: Zero based, Oop shift amount: 3

CDS archive(s) mapped at: [0x00000242af000000-0x00000242afba0000-0x00000242afba0000), size 12189696, SharedBaseAddress: 0x00000242af000000, ArchiveRelocationMode: 1.
Compressed class space mapped at: 0x00000242b0000000-0x00000242f0000000, reserved size: 1073741824
Narrow klass base: 0x00000242af000000, Narrow klass shift: 0, Narrow klass range: 0x100000000

GC Precious Log:
 CardTable entry size: 512
 Card Set container configuration: InlinePtr #cards 4 size 8 Array Of Cards #cards 16 size 48 Howl #buckets 8 coarsen threshold 3686 Howl Bitmap #cards 512 size 80 coarsen threshold 460 Card regions per heap region 1 cards per card region 4096
 CPUs: 4 total, 4 available
 Memory: 3997M
 Large Page Support: Disabled
 NUMA Support: Disabled
 Compressed Oops: Enabled (Zero based)
 Heap Region Size: 2M
 Heap Min Capacity: 512M
 Heap Initial Capacity: 512M
 Heap Max Capacity: 4G
 Pre-touch: Disabled
 Parallel Workers: 4
 Concurrent Workers: 1
 Concurrent Refinement Workers: 4
 Periodic GC: Disabled

Heap:
 garbage-first heap   total 524288K, used 63928K [0x0000000700000000, 0x0000000800000000)
  region size 2048K, 10 young (20480K), 4 survivors (8192K)
 Metaspace       used 67746K, committed 69376K, reserved 1114112K
  class space    used 7129K, committed 7872K, reserved 1048576K

Heap Regions: E=young(eden), S=young(survivor), O=old, HS=humongous(starts), HC=humongous(continues), CS=collection set, F=free, TAMS=top-at-mark-start, PB=parsable bottom
|   0|0x0000000700000000, 0x0000000700200000, 0x0000000700200000|100%| O|  |TAMS 0x0000000700000000| PB 0x0000000700000000| Untracked 
|   1|0x0000000700200000, 0x0000000700400000, 0x0000000700400000|100%| O|  |TAMS 0x0000000700200000| PB 0x0000000700200000| Untracked 
|   2|0x0000000700400000, 0x0000000700600000, 0x0000000700600000|100%| O|  |TAMS 0x0000000700400000| PB 0x0000000700400000| Untracked 
|   3|0x0000000700600000, 0x0000000700800000, 0x0000000700800000|100%| O|  |TAMS 0x0000000700600000| PB 0x0000000700600000| Untracked 
|   4|0x0000000700800000, 0x0000000700a00000, 0x0000000700a00000|100%| O|  |TAMS 0x0000000700800000| PB 0x0000000700800000| Untracked 
|   5|0x0000000700a00000, 0x0000000700c00000, 0x0000000700c00000|100%| O|  |TAMS 0x0000000700a00000| PB 0x0000000700a00000| Untracked 
|   6|0x0000000700c00000, 0x0000000700e00000, 0x0000000700e00000|100%| O|  |TAMS 0x0000000700c00000| PB 0x0000000700c00000| Untracked 
|   7|0x0000000700e00000, 0x0000000701000000, 0x0000000701000000|100%| O|  |TAMS 0x0000000700e00000| PB 0x0000000700e00000| Untracked 
|   8|0x0000000701000000, 0x0000000701200000, 0x0000000701200000|100%| O|  |TAMS 0x0000000701000000| PB 0x0000000701000000| Untracked 
|   9|0x0000000701200000, 0x0000000701400000, 0x0000000701400000|100%| O|  |TAMS 0x0000000701200000| PB 0x0000000701200000| Untracked 
|  10|0x0000000701400000, 0x0000000701600000, 0x0000000701600000|100%| O|  |TAMS 0x0000000701400000| PB 0x0000000701400000| Untracked 
|  11|0x0000000701600000, 0x0000000701800000, 0x0000000701800000|100%| O|  |TAMS 0x0000000701600000| PB 0x0000000701600000| Untracked 
|  12|0x0000000701800000, 0x0000000701a00000, 0x0000000701a00000|100%| O|  |TAMS 0x0000000701800000| PB 0x0000000701800000| Untracked 
|  13|0x0000000701a00000, 0x0000000701c00000, 0x0000000701c00000|100%| O|  |TAMS 0x0000000701a00000| PB 0x0000000701a00000| Untracked 
|  14|0x0000000701c00000, 0x0000000701e00000, 0x0000000701e00000|100%| O|Cm|TAMS 0x0000000701c00000| PB 0x0000000701c00000| Complete 
|  15|0x0000000701e00000, 0x0000000702000000, 0x0000000702000000|100%| O|  |TAMS 0x0000000701e00000| PB 0x0000000701e00000| Untracked 
|  16|0x0000000702000000, 0x0000000702200000, 0x0000000702200000|100%| O|  |TAMS 0x0000000702000000| PB 0x0000000702000000| Untracked 
|  17|0x0000000702200000, 0x0000000702400000, 0x0000000702400000|100%| O|  |TAMS 0x0000000702200000| PB 0x0000000702200000| Untracked 
|  18|0x0000000702400000, 0x0000000702600000, 0x0000000702600000|100%| O|  |TAMS 0x0000000702400000| PB 0x0000000702400000| Untracked 
|  19|0x0000000702600000, 0x0000000702800000, 0x0000000702800000|100%| O|  |TAMS 0x0000000702600000| PB 0x0000000702600000| Untracked 
|  20|0x0000000702800000, 0x0000000702a00000, 0x0000000702a00000|100%| O|  |TAMS 0x0000000702800000| PB 0x0000000702800000| Untracked 
|  21|0x0000000702a00000, 0x0000000702c00000, 0x0000000702c00000|100%| O|  |TAMS 0x0000000702a00000| PB 0x0000000702a00000| Untracked 
|  22|0x0000000702c00000, 0x0000000702e00000, 0x0000000702e00000|100%| O|  |TAMS 0x0000000702c00000| PB 0x0000000702c00000| Untracked 
|  23|0x0000000702e00000, 0x0000000702fc55c0, 0x0000000703000000| 88%| O|  |TAMS 0x0000000702e00000| PB 0x0000000702e00000| Untracked 
|  24|0x0000000703000000, 0x0000000703000000, 0x0000000703200000|  0%| F|  |TAMS 0x0000000703000000| PB 0x0000000703000000| Untracked 
|  25|0x0000000703200000, 0x0000000703200000, 0x0000000703400000|  0%| F|  |TAMS 0x0000000703200000| PB 0x0000000703200000| Untracked 
|  26|0x0000000703400000, 0x0000000703400000, 0x0000000703600000|  0%| F|  |TAMS 0x0000000703400000| PB 0x0000000703400000| Untracked 
|  27|0x0000000703600000, 0x0000000703600000, 0x0000000703800000|  0%| F|  |TAMS 0x0000000703600000| PB 0x0000000703600000| Untracked 
|  28|0x0000000703800000, 0x0000000703800000, 0x0000000703a00000|  0%| F|  |TAMS 0x0000000703800000| PB 0x0000000703800000| Untracked 
|  29|0x0000000703a00000, 0x0000000703a00000, 0x0000000703c00000|  0%| F|  |TAMS 0x0000000703a00000| PB 0x0000000703a00000| Untracked 
|  30|0x0000000703c00000, 0x0000000703c00000, 0x0000000703e00000|  0%| F|  |TAMS 0x0000000703c00000| PB 0x0000000703c00000| Untracked 
|  31|0x0000000703e00000, 0x0000000703e00000, 0x0000000704000000|  0%| F|  |TAMS 0x0000000703e00000| PB 0x0000000703e00000| Untracked 
|  32|0x0000000704000000, 0x0000000704000000, 0x0000000704200000|  0%| F|  |TAMS 0x0000000704000000| PB 0x0000000704000000| Untracked 
|  33|0x0000000704200000, 0x0000000704200000, 0x0000000704400000|  0%| F|  |TAMS 0x0000000704200000| PB 0x0000000704200000| Untracked 
|  34|0x0000000704400000, 0x0000000704400000, 0x0000000704600000|  0%| F|  |TAMS 0x0000000704400000| PB 0x0000000704400000| Untracked 
|  35|0x0000000704600000, 0x0000000704600000, 0x0000000704800000|  0%| F|  |TAMS 0x0000000704600000| PB 0x0000000704600000| Untracked 
|  36|0x0000000704800000, 0x0000000704800000, 0x0000000704a00000|  0%| F|  |TAMS 0x0000000704800000| PB 0x0000000704800000| Untracked 
|  37|0x0000000704a00000, 0x0000000704a00000, 0x0000000704c00000|  0%| F|  |TAMS 0x0000000704a00000| PB 0x0000000704a00000| Untracked 
|  38|0x0000000704c00000, 0x0000000704c00000, 0x0000000704e00000|  0%| F|  |TAMS 0x0000000704c00000| PB 0x0000000704c00000| Untracked 
|  39|0x0000000704e00000, 0x0000000704e00000, 0x0000000705000000|  0%| F|  |TAMS 0x0000000704e00000| PB 0x0000000704e00000| Untracked 
|  40|0x0000000705000000, 0x0000000705000000, 0x0000000705200000|  0%| F|  |TAMS 0x0000000705000000| PB 0x0000000705000000| Untracked 
|  41|0x0000000705200000, 0x0000000705200000, 0x0000000705400000|  0%| F|  |TAMS 0x0000000705200000| PB 0x0000000705200000| Untracked 
|  42|0x0000000705400000, 0x0000000705400000, 0x0000000705600000|  0%| F|  |TAMS 0x0000000705400000| PB 0x0000000705400000| Untracked 
|  43|0x0000000705600000, 0x0000000705600000, 0x0000000705800000|  0%| F|  |TAMS 0x0000000705600000| PB 0x0000000705600000| Untracked 
|  44|0x0000000705800000, 0x0000000705800000, 0x0000000705a00000|  0%| F|  |TAMS 0x0000000705800000| PB 0x0000000705800000| Untracked 
|  45|0x0000000705a00000, 0x0000000705a00000, 0x0000000705c00000|  0%| F|  |TAMS 0x0000000705a00000| PB 0x0000000705a00000| Untracked 
|  46|0x0000000705c00000, 0x0000000705c00000, 0x0000000705e00000|  0%| F|  |TAMS 0x0000000705c00000| PB 0x0000000705c00000| Untracked 
|  47|0x0000000705e00000, 0x0000000705e00000, 0x0000000706000000|  0%| F|  |TAMS 0x0000000705e00000| PB 0x0000000705e00000| Untracked 
|  48|0x0000000706000000, 0x0000000706000000, 0x0000000706200000|  0%| F|  |TAMS 0x0000000706000000| PB 0x0000000706000000| Untracked 
|  49|0x0000000706200000, 0x0000000706200000, 0x0000000706400000|  0%| F|  |TAMS 0x0000000706200000| PB 0x0000000706200000| Untracked 
|  50|0x0000000706400000, 0x0000000706400000, 0x0000000706600000|  0%| F|  |TAMS 0x0000000706400000| PB 0x0000000706400000| Untracked 
|  51|0x0000000706600000, 0x0000000706600000, 0x0000000706800000|  0%| F|  |TAMS 0x0000000706600000| PB 0x0000000706600000| Untracked 
|  52|0x0000000706800000, 0x0000000706800000, 0x0000000706a00000|  0%| F|  |TAMS 0x0000000706800000| PB 0x0000000706800000| Untracked 
|  53|0x0000000706a00000, 0x0000000706a00000, 0x0000000706c00000|  0%| F|  |TAMS 0x0000000706a00000| PB 0x0000000706a00000| Untracked 
|  54|0x0000000706c00000, 0x0000000706c00000, 0x0000000706e00000|  0%| F|  |TAMS 0x0000000706c00000| PB 0x0000000706c00000| Untracked 
|  55|0x0000000706e00000, 0x0000000706e00000, 0x0000000707000000|  0%| F|  |TAMS 0x0000000706e00000| PB 0x0000000706e00000| Untracked 
|  56|0x0000000707000000, 0x0000000707000000, 0x0000000707200000|  0%| F|  |TAMS 0x0000000707000000| PB 0x0000000707000000| Untracked 
|  57|0x0000000707200000, 0x0000000707200000, 0x0000000707400000|  0%| F|  |TAMS 0x0000000707200000| PB 0x0000000707200000| Untracked 
|  58|0x0000000707400000, 0x0000000707400000, 0x0000000707600000|  0%| F|  |TAMS 0x0000000707400000| PB 0x0000000707400000| Untracked 
|  59|0x0000000707600000, 0x0000000707600000, 0x0000000707800000|  0%| F|  |TAMS 0x0000000707600000| PB 0x0000000707600000| Untracked 
|  60|0x0000000707800000, 0x0000000707800000, 0x0000000707a00000|  0%| F|  |TAMS 0x0000000707800000| PB 0x0000000707800000| Untracked 
|  61|0x0000000707a00000, 0x0000000707a00000, 0x0000000707c00000|  0%| F|  |TAMS 0x0000000707a00000| PB 0x0000000707a00000| Untracked 
|  62|0x0000000707c00000, 0x0000000707c00000, 0x0000000707e00000|  0%| F|  |TAMS 0x0000000707c00000| PB 0x0000000707c00000| Untracked 
|  63|0x0000000707e00000, 0x0000000707e00000, 0x0000000708000000|  0%| F|  |TAMS 0x0000000707e00000| PB 0x0000000707e00000| Untracked 
|  64|0x0000000708000000, 0x0000000708000000, 0x0000000708200000|  0%| F|  |TAMS 0x0000000708000000| PB 0x0000000708000000| Untracked 
|  65|0x0000000708200000, 0x0000000708200000, 0x0000000708400000|  0%| F|  |TAMS 0x0000000708200000| PB 0x0000000708200000| Untracked 
|  66|0x0000000708400000, 0x0000000708400000, 0x0000000708600000|  0%| F|  |TAMS 0x0000000708400000| PB 0x0000000708400000| Untracked 
|  67|0x0000000708600000, 0x0000000708600000, 0x0000000708800000|  0%| F|  |TAMS 0x0000000708600000| PB 0x0000000708600000| Untracked 
|  68|0x0000000708800000, 0x0000000708800000, 0x0000000708a00000|  0%| F|  |TAMS 0x0000000708800000| PB 0x0000000708800000| Untracked 
|  69|0x0000000708a00000, 0x0000000708a00000, 0x0000000708c00000|  0%| F|  |TAMS 0x0000000708a00000| PB 0x0000000708a00000| Untracked 
|  70|0x0000000708c00000, 0x0000000708c00000, 0x0000000708e00000|  0%| F|  |TAMS 0x0000000708c00000| PB 0x0000000708c00000| Untracked 
|  71|0x0000000708e00000, 0x0000000708e00000, 0x0000000709000000|  0%| F|  |TAMS 0x0000000708e00000| PB 0x0000000708e00000| Untracked 
|  72|0x0000000709000000, 0x0000000709000000, 0x0000000709200000|  0%| F|  |TAMS 0x0000000709000000| PB 0x0000000709000000| Untracked 
|  73|0x0000000709200000, 0x0000000709200000, 0x0000000709400000|  0%| F|  |TAMS 0x0000000709200000| PB 0x0000000709200000| Untracked 
|  74|0x0000000709400000, 0x0000000709400000, 0x0000000709600000|  0%| F|  |TAMS 0x0000000709400000| PB 0x0000000709400000| Untracked 
|  75|0x0000000709600000, 0x0000000709600000, 0x0000000709800000|  0%| F|  |TAMS 0x0000000709600000| PB 0x0000000709600000| Untracked 
|  76|0x0000000709800000, 0x0000000709800000, 0x0000000709a00000|  0%| F|  |TAMS 0x0000000709800000| PB 0x0000000709800000| Untracked 
|  77|0x0000000709a00000, 0x0000000709a00000, 0x0000000709c00000|  0%| F|  |TAMS 0x0000000709a00000| PB 0x0000000709a00000| Untracked 
|  78|0x0000000709c00000, 0x0000000709c00000, 0x0000000709e00000|  0%| F|  |TAMS 0x0000000709c00000| PB 0x0000000709c00000| Untracked 
|  79|0x0000000709e00000, 0x0000000709e00000, 0x000000070a000000|  0%| F|  |TAMS 0x0000000709e00000| PB 0x0000000709e00000| Untracked 
|  80|0x000000070a000000, 0x000000070a000000, 0x000000070a200000|  0%| F|  |TAMS 0x000000070a000000| PB 0x000000070a000000| Untracked 
|  81|0x000000070a200000, 0x000000070a200000, 0x000000070a400000|  0%| F|  |TAMS 0x000000070a200000| PB 0x000000070a200000| Untracked 
|  82|0x000000070a400000, 0x000000070a400000, 0x000000070a600000|  0%| F|  |TAMS 0x000000070a400000| PB 0x000000070a400000| Untracked 
|  83|0x000000070a600000, 0x000000070a600000, 0x000000070a800000|  0%| F|  |TAMS 0x000000070a600000| PB 0x000000070a600000| Untracked 
|  84|0x000000070a800000, 0x000000070a800000, 0x000000070aa00000|  0%| F|  |TAMS 0x000000070a800000| PB 0x000000070a800000| Untracked 
|  85|0x000000070aa00000, 0x000000070aa00000, 0x000000070ac00000|  0%| F|  |TAMS 0x000000070aa00000| PB 0x000000070aa00000| Untracked 
|  86|0x000000070ac00000, 0x000000070ac00000, 0x000000070ae00000|  0%| F|  |TAMS 0x000000070ac00000| PB 0x000000070ac00000| Untracked 
|  87|0x000000070ae00000, 0x000000070ae00000, 0x000000070b000000|  0%| F|  |TAMS 0x000000070ae00000| PB 0x000000070ae00000| Untracked 
|  88|0x000000070b000000, 0x000000070b000000, 0x000000070b200000|  0%| F|  |TAMS 0x000000070b000000| PB 0x000000070b000000| Untracked 
|  89|0x000000070b200000, 0x000000070b200000, 0x000000070b400000|  0%| F|  |TAMS 0x000000070b200000| PB 0x000000070b200000| Untracked 
|  90|0x000000070b400000, 0x000000070b400000, 0x000000070b600000|  0%| F|  |TAMS 0x000000070b400000| PB 0x000000070b400000| Untracked 
|  91|0x000000070b600000, 0x000000070b600000, 0x000000070b800000|  0%| F|  |TAMS 0x000000070b600000| PB 0x000000070b600000| Untracked 
|  92|0x000000070b800000, 0x000000070b800000, 0x000000070ba00000|  0%| F|  |TAMS 0x000000070b800000| PB 0x000000070b800000| Untracked 
|  93|0x000000070ba00000, 0x000000070ba00000, 0x000000070bc00000|  0%| F|  |TAMS 0x000000070ba00000| PB 0x000000070ba00000| Untracked 
|  94|0x000000070bc00000, 0x000000070bc00000, 0x000000070be00000|  0%| F|  |TAMS 0x000000070bc00000| PB 0x000000070bc00000| Untracked 
|  95|0x000000070be00000, 0x000000070be00000, 0x000000070c000000|  0%| F|  |TAMS 0x000000070be00000| PB 0x000000070be00000| Untracked 
|  96|0x000000070c000000, 0x000000070c000000, 0x000000070c200000|  0%| F|  |TAMS 0x000000070c000000| PB 0x000000070c000000| Untracked 
|  97|0x000000070c200000, 0x000000070c200000, 0x000000070c400000|  0%| F|  |TAMS 0x000000070c200000| PB 0x000000070c200000| Untracked 
|  98|0x000000070c400000, 0x000000070c400000, 0x000000070c600000|  0%| F|  |TAMS 0x000000070c400000| PB 0x000000070c400000| Untracked 
|  99|0x000000070c600000, 0x000000070c600000, 0x000000070c800000|  0%| F|  |TAMS 0x000000070c600000| PB 0x000000070c600000| Untracked 
| 100|0x000000070c800000, 0x000000070c800000, 0x000000070ca00000|  0%| F|  |TAMS 0x000000070c800000| PB 0x000000070c800000| Untracked 
| 101|0x000000070ca00000, 0x000000070ca00000, 0x000000070cc00000|  0%| F|  |TAMS 0x000000070ca00000| PB 0x000000070ca00000| Untracked 
| 102|0x000000070cc00000, 0x000000070cc00000, 0x000000070ce00000|  0%| F|  |TAMS 0x000000070cc00000| PB 0x000000070cc00000| Untracked 
| 103|0x000000070ce00000, 0x000000070ce00000, 0x000000070d000000|  0%| F|  |TAMS 0x000000070ce00000| PB 0x000000070ce00000| Untracked 
| 104|0x000000070d000000, 0x000000070d000000, 0x000000070d200000|  0%| F|  |TAMS 0x000000070d000000| PB 0x000000070d000000| Untracked 
| 105|0x000000070d200000, 0x000000070d200000, 0x000000070d400000|  0%| F|  |TAMS 0x000000070d200000| PB 0x000000070d200000| Untracked 
| 106|0x000000070d400000, 0x000000070d400000, 0x000000070d600000|  0%| F|  |TAMS 0x000000070d400000| PB 0x000000070d400000| Untracked 
| 107|0x000000070d600000, 0x000000070d600000, 0x000000070d800000|  0%| F|  |TAMS 0x000000070d600000| PB 0x000000070d600000| Untracked 
| 108|0x000000070d800000, 0x000000070d800000, 0x000000070da00000|  0%| F|  |TAMS 0x000000070d800000| PB 0x000000070d800000| Untracked 
| 109|0x000000070da00000, 0x000000070da00000, 0x000000070dc00000|  0%| F|  |TAMS 0x000000070da00000| PB 0x000000070da00000| Untracked 
| 110|0x000000070dc00000, 0x000000070dc00000, 0x000000070de00000|  0%| F|  |TAMS 0x000000070dc00000| PB 0x000000070dc00000| Untracked 
| 111|0x000000070de00000, 0x000000070de00000, 0x000000070e000000|  0%| F|  |TAMS 0x000000070de00000| PB 0x000000070de00000| Untracked 
| 112|0x000000070e000000, 0x000000070e000000, 0x000000070e200000|  0%| F|  |TAMS 0x000000070e000000| PB 0x000000070e000000| Untracked 
| 113|0x000000070e200000, 0x000000070e200000, 0x000000070e400000|  0%| F|  |TAMS 0x000000070e200000| PB 0x000000070e200000| Untracked 
| 114|0x000000070e400000, 0x000000070e400000, 0x000000070e600000|  0%| F|  |TAMS 0x000000070e400000| PB 0x000000070e400000| Untracked 
| 115|0x000000070e600000, 0x000000070e600000, 0x000000070e800000|  0%| F|  |TAMS 0x000000070e600000| PB 0x000000070e600000| Untracked 
| 116|0x000000070e800000, 0x000000070e800000, 0x000000070ea00000|  0%| F|  |TAMS 0x000000070e800000| PB 0x000000070e800000| Untracked 
| 117|0x000000070ea00000, 0x000000070ea00000, 0x000000070ec00000|  0%| F|  |TAMS 0x000000070ea00000| PB 0x000000070ea00000| Untracked 
| 118|0x000000070ec00000, 0x000000070ec00000, 0x000000070ee00000|  0%| F|  |TAMS 0x000000070ec00000| PB 0x000000070ec00000| Untracked 
| 119|0x000000070ee00000, 0x000000070ee00000, 0x000000070f000000|  0%| F|  |TAMS 0x000000070ee00000| PB 0x000000070ee00000| Untracked 
| 120|0x000000070f000000, 0x000000070f000000, 0x000000070f200000|  0%| F|  |TAMS 0x000000070f000000| PB 0x000000070f000000| Untracked 
| 121|0x000000070f200000, 0x000000070f200000, 0x000000070f400000|  0%| F|  |TAMS 0x000000070f200000| PB 0x000000070f200000| Untracked 
| 122|0x000000070f400000, 0x000000070f400000, 0x000000070f600000|  0%| F|  |TAMS 0x000000070f400000| PB 0x000000070f400000| Untracked 
| 123|0x000000070f600000, 0x000000070f600000, 0x000000070f800000|  0%| F|  |TAMS 0x000000070f600000| PB 0x000000070f600000| Untracked 
| 124|0x000000070f800000, 0x000000070f800000, 0x000000070fa00000|  0%| F|  |TAMS 0x000000070f800000| PB 0x000000070f800000| Untracked 
| 125|0x000000070fa00000, 0x000000070fa00000, 0x000000070fc00000|  0%| F|  |TAMS 0x000000070fa00000| PB 0x000000070fa00000| Untracked 
| 126|0x000000070fc00000, 0x000000070fc00000, 0x000000070fe00000|  0%| F|  |TAMS 0x000000070fc00000| PB 0x000000070fc00000| Untracked 
| 127|0x000000070fe00000, 0x000000070fe00000, 0x0000000710000000|  0%| F|  |TAMS 0x000000070fe00000| PB 0x000000070fe00000| Untracked 
| 128|0x0000000710000000, 0x0000000710000000, 0x0000000710200000|  0%| F|  |TAMS 0x0000000710000000| PB 0x0000000710000000| Untracked 
| 129|0x0000000710200000, 0x0000000710200000, 0x0000000710400000|  0%| F|  |TAMS 0x0000000710200000| PB 0x0000000710200000| Untracked 
| 130|0x0000000710400000, 0x0000000710400000, 0x0000000710600000|  0%| F|  |TAMS 0x0000000710400000| PB 0x0000000710400000| Untracked 
| 131|0x0000000710600000, 0x0000000710600000, 0x0000000710800000|  0%| F|  |TAMS 0x0000000710600000| PB 0x0000000710600000| Untracked 
| 132|0x0000000710800000, 0x0000000710800000, 0x0000000710a00000|  0%| F|  |TAMS 0x0000000710800000| PB 0x0000000710800000| Untracked 
| 133|0x0000000710a00000, 0x0000000710a00000, 0x0000000710c00000|  0%| F|  |TAMS 0x0000000710a00000| PB 0x0000000710a00000| Untracked 
| 134|0x0000000710c00000, 0x0000000710c00000, 0x0000000710e00000|  0%| F|  |TAMS 0x0000000710c00000| PB 0x0000000710c00000| Untracked 
| 135|0x0000000710e00000, 0x0000000710e00000, 0x0000000711000000|  0%| F|  |TAMS 0x0000000710e00000| PB 0x0000000710e00000| Untracked 
| 136|0x0000000711000000, 0x0000000711000000, 0x0000000711200000|  0%| F|  |TAMS 0x0000000711000000| PB 0x0000000711000000| Untracked 
| 137|0x0000000711200000, 0x0000000711200000, 0x0000000711400000|  0%| F|  |TAMS 0x0000000711200000| PB 0x0000000711200000| Untracked 
| 138|0x0000000711400000, 0x0000000711400000, 0x0000000711600000|  0%| F|  |TAMS 0x0000000711400000| PB 0x0000000711400000| Untracked 
| 139|0x0000000711600000, 0x0000000711600000, 0x0000000711800000|  0%| F|  |TAMS 0x0000000711600000| PB 0x0000000711600000| Untracked 
| 140|0x0000000711800000, 0x0000000711800000, 0x0000000711a00000|  0%| F|  |TAMS 0x0000000711800000| PB 0x0000000711800000| Untracked 
| 141|0x0000000711a00000, 0x0000000711a00000, 0x0000000711c00000|  0%| F|  |TAMS 0x0000000711a00000| PB 0x0000000711a00000| Untracked 
| 142|0x0000000711c00000, 0x0000000711c00000, 0x0000000711e00000|  0%| F|  |TAMS 0x0000000711c00000| PB 0x0000000711c00000| Untracked 
| 143|0x0000000711e00000, 0x0000000711e00000, 0x0000000712000000|  0%| F|  |TAMS 0x0000000711e00000| PB 0x0000000711e00000| Untracked 
| 144|0x0000000712000000, 0x0000000712000000, 0x0000000712200000|  0%| F|  |TAMS 0x0000000712000000| PB 0x0000000712000000| Untracked 
| 145|0x0000000712200000, 0x0000000712200000, 0x0000000712400000|  0%| F|  |TAMS 0x0000000712200000| PB 0x0000000712200000| Untracked 
| 146|0x0000000712400000, 0x0000000712400000, 0x0000000712600000|  0%| F|  |TAMS 0x0000000712400000| PB 0x0000000712400000| Untracked 
| 147|0x0000000712600000, 0x0000000712600000, 0x0000000712800000|  0%| F|  |TAMS 0x0000000712600000| PB 0x0000000712600000| Untracked 
| 148|0x0000000712800000, 0x0000000712800000, 0x0000000712a00000|  0%| F|  |TAMS 0x0000000712800000| PB 0x0000000712800000| Untracked 
| 149|0x0000000712a00000, 0x0000000712a00000, 0x0000000712c00000|  0%| F|  |TAMS 0x0000000712a00000| PB 0x0000000712a00000| Untracked 
| 150|0x0000000712c00000, 0x0000000712c00000, 0x0000000712e00000|  0%| F|  |TAMS 0x0000000712c00000| PB 0x0000000712c00000| Untracked 
| 151|0x0000000712e00000, 0x0000000712e00000, 0x0000000713000000|  0%| F|  |TAMS 0x0000000712e00000| PB 0x0000000712e00000| Untracked 
| 152|0x0000000713000000, 0x0000000713000000, 0x0000000713200000|  0%| F|  |TAMS 0x0000000713000000| PB 0x0000000713000000| Untracked 
| 153|0x0000000713200000, 0x0000000713200000, 0x0000000713400000|  0%| F|  |TAMS 0x0000000713200000| PB 0x0000000713200000| Untracked 
| 154|0x0000000713400000, 0x0000000713400000, 0x0000000713600000|  0%| F|  |TAMS 0x0000000713400000| PB 0x0000000713400000| Untracked 
| 155|0x0000000713600000, 0x0000000713600000, 0x0000000713800000|  0%| F|  |TAMS 0x0000000713600000| PB 0x0000000713600000| Untracked 
| 156|0x0000000713800000, 0x0000000713800000, 0x0000000713a00000|  0%| F|  |TAMS 0x0000000713800000| PB 0x0000000713800000| Untracked 
| 157|0x0000000713a00000, 0x0000000713a00000, 0x0000000713c00000|  0%| F|  |TAMS 0x0000000713a00000| PB 0x0000000713a00000| Untracked 
| 158|0x0000000713c00000, 0x0000000713c00000, 0x0000000713e00000|  0%| F|  |TAMS 0x0000000713c00000| PB 0x0000000713c00000| Untracked 
| 159|0x0000000713e00000, 0x0000000713e00000, 0x0000000714000000|  0%| F|  |TAMS 0x0000000713e00000| PB 0x0000000713e00000| Untracked 
| 160|0x0000000714000000, 0x0000000714000000, 0x0000000714200000|  0%| F|  |TAMS 0x0000000714000000| PB 0x0000000714000000| Untracked 
| 161|0x0000000714200000, 0x0000000714200000, 0x0000000714400000|  0%| F|  |TAMS 0x0000000714200000| PB 0x0000000714200000| Untracked 
| 162|0x0000000714400000, 0x0000000714400000, 0x0000000714600000|  0%| F|  |TAMS 0x0000000714400000| PB 0x0000000714400000| Untracked 
| 163|0x0000000714600000, 0x0000000714600000, 0x0000000714800000|  0%| F|  |TAMS 0x0000000714600000| PB 0x0000000714600000| Untracked 
| 164|0x0000000714800000, 0x0000000714800000, 0x0000000714a00000|  0%| F|  |TAMS 0x0000000714800000| PB 0x0000000714800000| Untracked 
| 165|0x0000000714a00000, 0x0000000714a00000, 0x0000000714c00000|  0%| F|  |TAMS 0x0000000714a00000| PB 0x0000000714a00000| Untracked 
| 166|0x0000000714c00000, 0x0000000714c00000, 0x0000000714e00000|  0%| F|  |TAMS 0x0000000714c00000| PB 0x0000000714c00000| Untracked 
| 167|0x0000000714e00000, 0x0000000714e00000, 0x0000000715000000|  0%| F|  |TAMS 0x0000000714e00000| PB 0x0000000714e00000| Untracked 
| 168|0x0000000715000000, 0x0000000715000000, 0x0000000715200000|  0%| F|  |TAMS 0x0000000715000000| PB 0x0000000715000000| Untracked 
| 169|0x0000000715200000, 0x0000000715200000, 0x0000000715400000|  0%| F|  |TAMS 0x0000000715200000| PB 0x0000000715200000| Untracked 
| 170|0x0000000715400000, 0x0000000715400000, 0x0000000715600000|  0%| F|  |TAMS 0x0000000715400000| PB 0x0000000715400000| Untracked 
| 171|0x0000000715600000, 0x0000000715600000, 0x0000000715800000|  0%| F|  |TAMS 0x0000000715600000| PB 0x0000000715600000| Untracked 
| 172|0x0000000715800000, 0x0000000715800000, 0x0000000715a00000|  0%| F|  |TAMS 0x0000000715800000| PB 0x0000000715800000| Untracked 
| 173|0x0000000715a00000, 0x0000000715a00000, 0x0000000715c00000|  0%| F|  |TAMS 0x0000000715a00000| PB 0x0000000715a00000| Untracked 
| 174|0x0000000715c00000, 0x0000000715c00000, 0x0000000715e00000|  0%| F|  |TAMS 0x0000000715c00000| PB 0x0000000715c00000| Untracked 
| 175|0x0000000715e00000, 0x0000000715e00000, 0x0000000716000000|  0%| F|  |TAMS 0x0000000715e00000| PB 0x0000000715e00000| Untracked 
| 176|0x0000000716000000, 0x0000000716000000, 0x0000000716200000|  0%| F|  |TAMS 0x0000000716000000| PB 0x0000000716000000| Untracked 
| 177|0x0000000716200000, 0x0000000716200000, 0x0000000716400000|  0%| F|  |TAMS 0x0000000716200000| PB 0x0000000716200000| Untracked 
| 178|0x0000000716400000, 0x0000000716400000, 0x0000000716600000|  0%| F|  |TAMS 0x0000000716400000| PB 0x0000000716400000| Untracked 
| 179|0x0000000716600000, 0x0000000716600000, 0x0000000716800000|  0%| F|  |TAMS 0x0000000716600000| PB 0x0000000716600000| Untracked 
| 180|0x0000000716800000, 0x0000000716800000, 0x0000000716a00000|  0%| F|  |TAMS 0x0000000716800000| PB 0x0000000716800000| Untracked 
| 181|0x0000000716a00000, 0x0000000716a00000, 0x0000000716c00000|  0%| F|  |TAMS 0x0000000716a00000| PB 0x0000000716a00000| Untracked 
| 182|0x0000000716c00000, 0x0000000716c00000, 0x0000000716e00000|  0%| F|  |TAMS 0x0000000716c00000| PB 0x0000000716c00000| Untracked 
| 183|0x0000000716e00000, 0x0000000716e00000, 0x0000000717000000|  0%| F|  |TAMS 0x0000000716e00000| PB 0x0000000716e00000| Untracked 
| 184|0x0000000717000000, 0x0000000717000000, 0x0000000717200000|  0%| F|  |TAMS 0x0000000717000000| PB 0x0000000717000000| Untracked 
| 185|0x0000000717200000, 0x0000000717200000, 0x0000000717400000|  0%| F|  |TAMS 0x0000000717200000| PB 0x0000000717200000| Untracked 
| 186|0x0000000717400000, 0x00000007174a8b68, 0x0000000717600000| 32%| S|CS|TAMS 0x0000000717400000| PB 0x0000000717400000| Complete 
| 187|0x0000000717600000, 0x0000000717800000, 0x0000000717800000|100%| S|CS|TAMS 0x0000000717600000| PB 0x0000000717600000| Complete 
| 188|0x0000000717800000, 0x0000000717a00000, 0x0000000717a00000|100%| S|CS|TAMS 0x0000000717800000| PB 0x0000000717800000| Complete 
| 189|0x0000000717a00000, 0x0000000717c00000, 0x0000000717c00000|100%| S|CS|TAMS 0x0000000717a00000| PB 0x0000000717a00000| Complete 
| 190|0x0000000717c00000, 0x0000000717c00000, 0x0000000717e00000|  0%| F|  |TAMS 0x0000000717c00000| PB 0x0000000717c00000| Untracked 
| 191|0x0000000717e00000, 0x0000000717e00000, 0x0000000718000000|  0%| F|  |TAMS 0x0000000717e00000| PB 0x0000000717e00000| Untracked 
| 192|0x0000000718000000, 0x0000000718000000, 0x0000000718200000|  0%| F|  |TAMS 0x0000000718000000| PB 0x0000000718000000| Untracked 
| 193|0x0000000718200000, 0x0000000718200000, 0x0000000718400000|  0%| F|  |TAMS 0x0000000718200000| PB 0x0000000718200000| Untracked 
| 194|0x0000000718400000, 0x0000000718400000, 0x0000000718600000|  0%| F|  |TAMS 0x0000000718400000| PB 0x0000000718400000| Untracked 
| 195|0x0000000718600000, 0x0000000718600000, 0x0000000718800000|  0%| F|  |TAMS 0x0000000718600000| PB 0x0000000718600000| Untracked 
| 196|0x0000000718800000, 0x0000000718800000, 0x0000000718a00000|  0%| F|  |TAMS 0x0000000718800000| PB 0x0000000718800000| Untracked 
| 197|0x0000000718a00000, 0x0000000718a00000, 0x0000000718c00000|  0%| F|  |TAMS 0x0000000718a00000| PB 0x0000000718a00000| Untracked 
| 198|0x0000000718c00000, 0x0000000718c00000, 0x0000000718e00000|  0%| F|  |TAMS 0x0000000718c00000| PB 0x0000000718c00000| Untracked 
| 199|0x0000000718e00000, 0x0000000718e00000, 0x0000000719000000|  0%| F|  |TAMS 0x0000000718e00000| PB 0x0000000718e00000| Untracked 
| 200|0x0000000719000000, 0x0000000719000000, 0x0000000719200000|  0%| F|  |TAMS 0x0000000719000000| PB 0x0000000719000000| Untracked 
| 201|0x0000000719200000, 0x0000000719200000, 0x0000000719400000|  0%| F|  |TAMS 0x0000000719200000| PB 0x0000000719200000| Untracked 
| 202|0x0000000719400000, 0x0000000719400000, 0x0000000719600000|  0%| F|  |TAMS 0x0000000719400000| PB 0x0000000719400000| Untracked 
| 203|0x0000000719600000, 0x0000000719600000, 0x0000000719800000|  0%| F|  |TAMS 0x0000000719600000| PB 0x0000000719600000| Untracked 
| 204|0x0000000719800000, 0x0000000719800000, 0x0000000719a00000|  0%| F|  |TAMS 0x0000000719800000| PB 0x0000000719800000| Untracked 
| 205|0x0000000719a00000, 0x0000000719a00000, 0x0000000719c00000|  0%| F|  |TAMS 0x0000000719a00000| PB 0x0000000719a00000| Untracked 
| 206|0x0000000719c00000, 0x0000000719c00000, 0x0000000719e00000|  0%| F|  |TAMS 0x0000000719c00000| PB 0x0000000719c00000| Untracked 
| 207|0x0000000719e00000, 0x0000000719e00000, 0x000000071a000000|  0%| F|  |TAMS 0x0000000719e00000| PB 0x0000000719e00000| Untracked 
| 208|0x000000071a000000, 0x000000071a000000, 0x000000071a200000|  0%| F|  |TAMS 0x000000071a000000| PB 0x000000071a000000| Untracked 
| 209|0x000000071a200000, 0x000000071a200000, 0x000000071a400000|  0%| F|  |TAMS 0x000000071a200000| PB 0x000000071a200000| Untracked 
| 210|0x000000071a400000, 0x000000071a400000, 0x000000071a600000|  0%| F|  |TAMS 0x000000071a400000| PB 0x000000071a400000| Untracked 
| 211|0x000000071a600000, 0x000000071a600000, 0x000000071a800000|  0%| F|  |TAMS 0x000000071a600000| PB 0x000000071a600000| Untracked 
| 212|0x000000071a800000, 0x000000071a800000, 0x000000071aa00000|  0%| F|  |TAMS 0x000000071a800000| PB 0x000000071a800000| Untracked 
| 213|0x000000071aa00000, 0x000000071aa00000, 0x000000071ac00000|  0%| F|  |TAMS 0x000000071aa00000| PB 0x000000071aa00000| Untracked 
| 214|0x000000071ac00000, 0x000000071ac00000, 0x000000071ae00000|  0%| F|  |TAMS 0x000000071ac00000| PB 0x000000071ac00000| Untracked 
| 215|0x000000071ae00000, 0x000000071ae00000, 0x000000071b000000|  0%| F|  |TAMS 0x000000071ae00000| PB 0x000000071ae00000| Untracked 
| 216|0x000000071b000000, 0x000000071b000000, 0x000000071b200000|  0%| F|  |TAMS 0x000000071b000000| PB 0x000000071b000000| Untracked 
| 217|0x000000071b200000, 0x000000071b200000, 0x000000071b400000|  0%| F|  |TAMS 0x000000071b200000| PB 0x000000071b200000| Untracked 
| 218|0x000000071b400000, 0x000000071b400000, 0x000000071b600000|  0%| F|  |TAMS 0x000000071b400000| PB 0x000000071b400000| Untracked 
| 219|0x000000071b600000, 0x000000071b600000, 0x000000071b800000|  0%| F|  |TAMS 0x000000071b600000| PB 0x000000071b600000| Untracked 
| 220|0x000000071b800000, 0x000000071b800000, 0x000000071ba00000|  0%| F|  |TAMS 0x000000071b800000| PB 0x000000071b800000| Untracked 
| 221|0x000000071ba00000, 0x000000071ba00000, 0x000000071bc00000|  0%| F|  |TAMS 0x000000071ba00000| PB 0x000000071ba00000| Untracked 
| 222|0x000000071bc00000, 0x000000071bc00000, 0x000000071be00000|  0%| F|  |TAMS 0x000000071bc00000| PB 0x000000071bc00000| Untracked 
| 223|0x000000071be00000, 0x000000071be00000, 0x000000071c000000|  0%| F|  |TAMS 0x000000071be00000| PB 0x000000071be00000| Untracked 
| 224|0x000000071c000000, 0x000000071c000000, 0x000000071c200000|  0%| F|  |TAMS 0x000000071c000000| PB 0x000000071c000000| Untracked 
| 225|0x000000071c200000, 0x000000071c200000, 0x000000071c400000|  0%| F|  |TAMS 0x000000071c200000| PB 0x000000071c200000| Untracked 
| 226|0x000000071c400000, 0x000000071c400000, 0x000000071c600000|  0%| F|  |TAMS 0x000000071c400000| PB 0x000000071c400000| Untracked 
| 227|0x000000071c600000, 0x000000071c600000, 0x000000071c800000|  0%| F|  |TAMS 0x000000071c600000| PB 0x000000071c600000| Untracked 
| 228|0x000000071c800000, 0x000000071c800000, 0x000000071ca00000|  0%| F|  |TAMS 0x000000071c800000| PB 0x000000071c800000| Untracked 
| 229|0x000000071ca00000, 0x000000071ca00000, 0x000000071cc00000|  0%| F|  |TAMS 0x000000071ca00000| PB 0x000000071ca00000| Untracked 
| 230|0x000000071cc00000, 0x000000071cc00000, 0x000000071ce00000|  0%| F|  |TAMS 0x000000071cc00000| PB 0x000000071cc00000| Untracked 
| 231|0x000000071ce00000, 0x000000071ce00000, 0x000000071d000000|  0%| F|  |TAMS 0x000000071ce00000| PB 0x000000071ce00000| Untracked 
| 232|0x000000071d000000, 0x000000071d000000, 0x000000071d200000|  0%| F|  |TAMS 0x000000071d000000| PB 0x000000071d000000| Untracked 
| 233|0x000000071d200000, 0x000000071d200000, 0x000000071d400000|  0%| F|  |TAMS 0x000000071d200000| PB 0x000000071d200000| Untracked 
| 234|0x000000071d400000, 0x000000071d400000, 0x000000071d600000|  0%| F|  |TAMS 0x000000071d400000| PB 0x000000071d400000| Untracked 
| 235|0x000000071d600000, 0x000000071d600000, 0x000000071d800000|  0%| F|  |TAMS 0x000000071d600000| PB 0x000000071d600000| Untracked 
| 236|0x000000071d800000, 0x000000071d800000, 0x000000071da00000|  0%| F|  |TAMS 0x000000071d800000| PB 0x000000071d800000| Untracked 
| 237|0x000000071da00000, 0x000000071da00000, 0x000000071dc00000|  0%| F|  |TAMS 0x000000071da00000| PB 0x000000071da00000| Untracked 
| 238|0x000000071dc00000, 0x000000071dc00000, 0x000000071de00000|  0%| F|  |TAMS 0x000000071dc00000| PB 0x000000071dc00000| Untracked 
| 239|0x000000071de00000, 0x000000071de00000, 0x000000071e000000|  0%| F|  |TAMS 0x000000071de00000| PB 0x000000071de00000| Untracked 
| 240|0x000000071e000000, 0x000000071e000000, 0x000000071e200000|  0%| F|  |TAMS 0x000000071e000000| PB 0x000000071e000000| Untracked 
| 241|0x000000071e200000, 0x000000071e200000, 0x000000071e400000|  0%| F|  |TAMS 0x000000071e200000| PB 0x000000071e200000| Untracked 
| 242|0x000000071e400000, 0x000000071e400000, 0x000000071e600000|  0%| F|  |TAMS 0x000000071e400000| PB 0x000000071e400000| Untracked 
| 243|0x000000071e600000, 0x000000071e600000, 0x000000071e800000|  0%| F|  |TAMS 0x000000071e600000| PB 0x000000071e600000| Untracked 
| 244|0x000000071e800000, 0x000000071e800000, 0x000000071ea00000|  0%| F|  |TAMS 0x000000071e800000| PB 0x000000071e800000| Untracked 
| 245|0x000000071ea00000, 0x000000071ea00000, 0x000000071ec00000|  0%| F|  |TAMS 0x000000071ea00000| PB 0x000000071ea00000| Untracked 
| 246|0x000000071ec00000, 0x000000071ec00000, 0x000000071ee00000|  0%| F|  |TAMS 0x000000071ec00000| PB 0x000000071ec00000| Untracked 
| 247|0x000000071ee00000, 0x000000071ee00000, 0x000000071f000000|  0%| F|  |TAMS 0x000000071ee00000| PB 0x000000071ee00000| Untracked 
| 248|0x000000071f000000, 0x000000071f000000, 0x000000071f200000|  0%| F|  |TAMS 0x000000071f000000| PB 0x000000071f000000| Untracked 
| 249|0x000000071f200000, 0x000000071f200000, 0x000000071f400000|  0%| F|  |TAMS 0x000000071f200000| PB 0x000000071f200000| Untracked 
| 250|0x000000071f400000, 0x000000071f600000, 0x000000071f600000|100%| E|  |TAMS 0x000000071f400000| PB 0x000000071f400000| Complete 
| 251|0x000000071f600000, 0x000000071f800000, 0x000000071f800000|100%| E|CS|TAMS 0x000000071f600000| PB 0x000000071f600000| Complete 
| 252|0x000000071f800000, 0x000000071fa00000, 0x000000071fa00000|100%| E|  |TAMS 0x000000071f800000| PB 0x000000071f800000| Complete 
| 253|0x000000071fa00000, 0x000000071fc00000, 0x000000071fc00000|100%| E|CS|TAMS 0x000000071fa00000| PB 0x000000071fa00000| Complete 
| 254|0x000000071fc00000, 0x000000071fe00000, 0x000000071fe00000|100%| E|CS|TAMS 0x000000071fc00000| PB 0x000000071fc00000| Complete 
| 255|0x000000071fe00000, 0x0000000720000000, 0x0000000720000000|100%| E|CS|TAMS 0x000000071fe00000| PB 0x000000071fe00000| Complete 

Card table byte_map: [0x00000242a74c0000,0x00000242a7cc0000] _byte_map_base: 0x00000242a3cc0000

Marking Bits: (CMBitMap*) 0x0000024294b2dc00
 Bits: [0x00000242a7cc0000, 0x00000242abcc0000)

Polling page: 0x0000024292840000

Metaspace:

Usage:
  Non-class:     59.20 MB used.
      Class:      6.96 MB used.
       Both:     66.16 MB used.

Virtual space:
  Non-class space:       64.00 MB reserved,      60.06 MB ( 94%) committed,  1 nodes.
      Class space:        1.00 GB reserved,       7.69 MB ( <1%) committed,  1 nodes.
             Both:        1.06 GB reserved,      67.75 MB (  6%) committed. 

Chunk freelists:
   Non-Class:  3.55 MB
       Class:  8.28 MB
        Both:  11.83 MB

MaxMetaspaceSize: unlimited
CompressedClassSpaceSize: 1.00 GB
Initial GC threshold: 21.00 MB
Current GC threshold: 99.62 MB
CDS: on
 - commit_granule_bytes: 65536.
 - commit_granule_words: 8192.
 - virtual_space_node_default_size: 8388608.
 - enlarge_chunks_in_place: 1.
 - use_allocation_guard: 0.


Internal statistics:

num_allocs_failed_limit: 14.
num_arena_births: 1132.
num_arena_deaths: 14.
num_vsnodes_births: 2.
num_vsnodes_deaths: 0.
num_space_committed: 1084.
num_space_uncommitted: 0.
num_chunks_returned_to_freelist: 28.
num_chunks_taken_from_freelist: 4169.
num_chunk_merges: 19.
num_chunk_splits: 2537.
num_chunks_enlarged: 1436.
num_inconsistent_stats: 0.

CodeHeap 'non-profiled nmethods': size=120000Kb used=6331Kb max_used=6331Kb free=113668Kb
 bounds [0x000002429f790000, 0x000002429fdc0000, 0x00000242a6cc0000]
CodeHeap 'profiled nmethods': size=120000Kb used=24677Kb max_used=24677Kb free=95322Kb
 bounds [0x0000024297cc0000, 0x00000242994e0000, 0x000002429f1f0000]
CodeHeap 'non-nmethods': size=5760Kb used=1759Kb max_used=1806Kb free=4001Kb
 bounds [0x000002429f1f0000, 0x000002429f460000, 0x000002429f790000]
 total_blobs=11978 nmethods=11203 adapters=679
 compilation: enabled
              stopped_count=0, restarted_count=0
 full_count=0

Compilation events (20 events):
Event: 133.434 Thread 0x00000242ae289180 nmethod 12009 0x00000242994d4510 code [0x00000242994d46e0, 0x00000242994d4c70]
Event: 133.447 Thread 0x00000242ae2181a0 12011       4       java.lang.reflect.Method::isCallerSensitive (38 bytes)
Event: 133.451 Thread 0x00000242ae2181a0 nmethod 12011 0x000002429fdbc690 code [0x000002429fdbc840, 0x000002429fdbc980]
Event: 133.458 Thread 0x00000242ae2181a0 12012       4       java.lang.ref.ReferenceQueue::poll0 (65 bytes)
Event: 133.463 Thread 0x00000242ae2181a0 nmethod 12012 0x000002429fdbcb10 code [0x000002429fdbcca0, 0x000002429fdbcfd8]
Event: 133.463 Thread 0x00000242ae2181a0 12013   !   4       java.util.concurrent.ConcurrentHashMap::replaceNode (437 bytes)
Event: 133.491 Thread 0x00000242ae2181a0 nmethod 12013 0x000002429fdbd090 code [0x000002429fdbd280, 0x000002429fdbde70]
Event: 133.540 Thread 0x00000242ae289180 12014       3       org.eclipse.jdt.internal.core.JavaProject::getPatchedModules (192 bytes)
Event: 133.544 Thread 0x00000242ae289180 nmethod 12014 0x00000242994d4d90 code [0x00000242994d5100, 0x00000242994d68b8]
Event: 133.547 Thread 0x00000242ae289180 12015       3       org.eclipse.core.internal.registry.RegistryObjectManager::getHandle (72 bytes)
Event: 133.548 Thread 0x00000242ae289180 nmethod 12015 0x00000242994d7490 code [0x00000242994d76e0, 0x00000242994d8038]
Event: 133.568 Thread 0x00000242ae2181a0 12016       4       java.lang.invoke.MethodType::methodType (69 bytes)
Event: 133.577 Thread 0x00000242ae289180 12017       3       com.google.gson.stream.JsonWriter::setStrictness (12 bytes)
Event: 133.578 Thread 0x00000242ae289180 nmethod 12017 0x00000242994d8310 code [0x00000242994d84e0, 0x00000242994d87a8]
Event: 133.646 Thread 0x00000242ae289180 12018       1       com.google.gson.stream.JsonReader::getStrictness (5 bytes)
Event: 133.646 Thread 0x00000242ae289180 nmethod 12018 0x000002429fdbe410 code [0x000002429fdbe5a0, 0x000002429fdbe670]
Event: 133.649 Thread 0x00000242ae289180 12019       3       sun.nio.fs.WindowsFileAttributes::isRegularFile (27 bytes)
Event: 133.650 Thread 0x00000242ae289180 nmethod 12019 0x00000242994d8890 code [0x00000242994d8a80, 0x00000242994d9028]
Event: 133.651 Thread 0x00000242ae289180 12020       3       sun.nio.fs.WindowsFileAttributes::isOther (26 bytes)
Event: 133.651 Thread 0x00000242ae289180 nmethod 12020 0x00000242994d9190 code [0x00000242994d9340, 0x00000242994d95b8]

GC Heap History (18 events):
Event: 3.453 GC heap before
{Heap before GC invocations=0 (full 0):
 garbage-first heap   total 524288K, used 22528K [0x0000000700000000, 0x0000000800000000)
  region size 2048K, 12 young (24576K), 0 survivors (0K)
 Metaspace       used 4173K, committed 4480K, reserved 1114112K
  class space    used 449K, committed 576K, reserved 1048576K
}
Event: 3.482 GC heap after
{Heap after GC invocations=1 (full 0):
 garbage-first heap   total 524288K, used 4045K [0x0000000700000000, 0x0000000800000000)
  region size 2048K, 2 young (4096K), 2 survivors (4096K)
 Metaspace       used 4173K, committed 4480K, reserved 1114112K
  class space    used 449K, committed 576K, reserved 1048576K
}
Event: 6.406 GC heap before
{Heap before GC invocations=1 (full 0):
 garbage-first heap   total 524288K, used 28621K [0x0000000700000000, 0x0000000800000000)
  region size 2048K, 14 young (28672K), 2 survivors (4096K)
 Metaspace       used 7746K, committed 8000K, reserved 1114112K
  class space    used 785K, committed 896K, reserved 1048576K
}
Event: 6.420 GC heap after
{Heap after GC invocations=2 (full 0):
 garbage-first heap   total 524288K, used 6121K [0x0000000700000000, 0x0000000800000000)
  region size 2048K, 2 young (4096K), 2 survivors (4096K)
 Metaspace       used 7746K, committed 8000K, reserved 1114112K
  class space    used 785K, committed 896K, reserved 1048576K
}
Event: 47.449 GC heap before
{Heap before GC invocations=2 (full 0):
 garbage-first heap   total 524288K, used 47081K [0x0000000700000000, 0x0000000800000000)
  region size 2048K, 23 young (47104K), 2 survivors (4096K)
 Metaspace       used 9855K, committed 10176K, reserved 1114112K
  class space    used 992K, committed 1152K, reserved 1048576K
}
Event: 47.469 GC heap after
{Heap after GC invocations=3 (full 0):
 garbage-first heap   total 524288K, used 10654K [0x0000000700000000, 0x0000000800000000)
  region size 2048K, 3 young (6144K), 3 survivors (6144K)
 Metaspace       used 9855K, committed 10176K, reserved 1114112K
  class space    used 992K, committed 1152K, reserved 1048576K
}
Event: 51.749 GC heap before
{Heap before GC invocations=3 (full 0):
 garbage-first heap   total 524288K, used 94622K [0x0000000700000000, 0x0000000800000000)
  region size 2048K, 45 young (92160K), 3 survivors (6144K)
 Metaspace       used 20767K, committed 21504K, reserved 1114112K
  class space    used 2083K, committed 2368K, reserved 1048576K
}
Event: 51.771 GC heap after
{Heap after GC invocations=4 (full 0):
 garbage-first heap   total 524288K, used 15213K [0x0000000700000000, 0x0000000800000000)
  region size 2048K, 6 young (12288K), 6 survivors (12288K)
 Metaspace       used 20767K, committed 21504K, reserved 1114112K
  class space    used 2083K, committed 2368K, reserved 1048576K
}
Event: 55.040 GC heap before
{Heap before GC invocations=5 (full 0):
 garbage-first heap   total 524288K, used 152429K [0x0000000700000000, 0x0000000800000000)
  region size 2048K, 75 young (153600K), 6 survivors (12288K)
 Metaspace       used 35177K, committed 36096K, reserved 1114112K
  class space    used 3567K, committed 3968K, reserved 1048576K
}
Event: 55.074 GC heap after
{Heap after GC invocations=6 (full 0):
 garbage-first heap   total 524288K, used 20742K [0x0000000700000000, 0x0000000800000000)
  region size 2048K, 8 young (16384K), 8 survivors (16384K)
 Metaspace       used 35177K, committed 36096K, reserved 1114112K
  class space    used 3567K, committed 3968K, reserved 1048576K
}
Event: 78.336 GC heap before
{Heap before GC invocations=7 (full 0):
 garbage-first heap   total 524288K, used 315654K [0x0000000700000000, 0x0000000800000000)
  region size 2048K, 153 young (313344K), 8 survivors (16384K)
 Metaspace       used 54921K, committed 56192K, reserved 1114112K
  class space    used 5838K, committed 6464K, reserved 1048576K
}
Event: 78.717 GC heap after
{Heap after GC invocations=8 (full 0):
 garbage-first heap   total 524288K, used 38302K [0x0000000700000000, 0x0000000800000000)
  region size 2048K, 17 young (34816K), 17 survivors (34816K)
 Metaspace       used 54921K, committed 56192K, reserved 1114112K
  class space    used 5838K, committed 6464K, reserved 1048576K
}
Event: 85.346 GC heap before
{Heap before GC invocations=8 (full 0):
 garbage-first heap   total 524288K, used 97694K [0x0000000700000000, 0x0000000800000000)
  region size 2048K, 47 young (96256K), 17 survivors (34816K)
 Metaspace       used 57589K, committed 58944K, reserved 1114112K
  class space    used 6114K, committed 6720K, reserved 1048576K
}
Event: 85.445 GC heap after
{Heap after GC invocations=9 (full 0):
 garbage-first heap   total 524288K, used 39185K [0x0000000700000000, 0x0000000800000000)
  region size 2048K, 3 young (6144K), 3 survivors (6144K)
 Metaspace       used 57589K, committed 58944K, reserved 1114112K
  class space    used 6114K, committed 6720K, reserved 1048576K
}
Event: 91.014 GC heap before
{Heap before GC invocations=9 (full 0):
 garbage-first heap   total 524288K, used 182545K [0x0000000700000000, 0x0000000800000000)
  region size 2048K, 75 young (153600K), 3 survivors (6144K)
 Metaspace       used 59773K, committed 61056K, reserved 1114112K
  class space    used 6358K, committed 6912K, reserved 1048576K
}
Event: 91.046 GC heap after
{Heap after GC invocations=10 (full 0):
 garbage-first heap   total 524288K, used 51716K [0x0000000700000000, 0x0000000800000000)
  region size 2048K, 9 young (18432K), 9 survivors (18432K)
 Metaspace       used 59773K, committed 61056K, reserved 1114112K
  class space    used 6358K, committed 6912K, reserved 1048576K
}
Event: 114.038 GC heap before
{Heap before GC invocations=11 (full 0):
 garbage-first heap   total 524288K, used 184836K [0x0000000700000000, 0x0000000800000000)
  region size 2048K, 75 young (153600K), 9 survivors (18432K)
 Metaspace       used 66806K, committed 68352K, reserved 1114112K
  class space    used 7042K, committed 7744K, reserved 1048576K
}
Event: 114.117 GC heap after
{Heap after GC invocations=12 (full 0):
 garbage-first heap   total 524288K, used 55736K [0x0000000700000000, 0x0000000800000000)
  region size 2048K, 4 young (8192K), 4 survivors (8192K)
 Metaspace       used 66806K, committed 68352K, reserved 1114112K
  class space    used 7042K, committed 7744K, reserved 1048576K
}

Dll operation events (12 events):
Event: 0.051 Loaded shared library c:\Users\AGOUROU GUSTAVE\.vscode\extensions\redhat.java-1.44.2025062800-win32-x64\jre\21.0.7-win32-x86_64\bin\java.dll
Event: 0.474 Loaded shared library c:\Users\AGOUROU GUSTAVE\.vscode\extensions\redhat.java-1.44.2025062800-win32-x64\jre\21.0.7-win32-x86_64\bin\zip.dll
Event: 0.571 Loaded shared library C:\Users\AGOUROU GUSTAVE\.vscode\extensions\redhat.java-1.44.2025062800-win32-x64\jre\21.0.7-win32-x86_64\bin\instrument.dll
Event: 0.659 Loaded shared library C:\Users\AGOUROU GUSTAVE\.vscode\extensions\redhat.java-1.44.2025062800-win32-x64\jre\21.0.7-win32-x86_64\bin\net.dll
Event: 0.682 Loaded shared library C:\Users\AGOUROU GUSTAVE\.vscode\extensions\redhat.java-1.44.2025062800-win32-x64\jre\21.0.7-win32-x86_64\bin\nio.dll
Event: 0.691 Loaded shared library C:\Users\AGOUROU GUSTAVE\.vscode\extensions\redhat.java-1.44.2025062800-win32-x64\jre\21.0.7-win32-x86_64\bin\zip.dll
Event: 0.784 Loaded shared library C:\Users\AGOUROU GUSTAVE\.vscode\extensions\redhat.java-1.44.2025062800-win32-x64\jre\21.0.7-win32-x86_64\bin\jimage.dll
Event: 1.299 Loaded shared library c:\Users\AGOUROU GUSTAVE\.vscode\extensions\redhat.java-1.44.2025062800-win32-x64\jre\21.0.7-win32-x86_64\bin\verify.dll
Event: 15.292 Loaded shared library C:\Users\AGOUROU GUSTAVE\AppData\Roaming\Code\User\globalStorage\redhat.java\1.44.2025062800\config_win\org.eclipse.equinox.launcher\org.eclipse.equinox.launcher.win32.win32.x86_64_1.2.1300.v20250331-1702\eclipse_11911.dll
Event: 54.648 Loaded shared library C:\Users\AGOUROU GUSTAVE\AppData\Local\Temp\jna-705468941\jna10078072854233487063.dll
Event: 56.168 Loaded shared library C:\Users\AGOUROU GUSTAVE\.vscode\extensions\redhat.java-1.44.2025062800-win32-x64\jre\21.0.7-win32-x86_64\bin\sunmscapi.dll
Event: 56.698 Loaded shared library C:\Users\AGOUROU GUSTAVE\.vscode\extensions\redhat.java-1.44.2025062800-win32-x64\jre\21.0.7-win32-x86_64\bin\extnet.dll

Deoptimization events (20 events):
Event: 115.837 Thread 0x00000242f6d60200 Uncommon trap: trap_request=0xffffffc6 fr.pc=0x000002429fd62f78 relative=0x0000000000003098
Event: 115.837 Thread 0x00000242f6d60200 Uncommon trap: reason=bimorphic_or_optimized_type_check action=maybe_recompile pc=0x000002429fd62f78 method=org.eclipse.core.internal.dtree.AbstractDataTreeNode.assembleWith([Lorg/eclipse/core/internal/dtree/AbstractDataTreeNode;[Lorg/eclipse/core/interna
Event: 115.837 Thread 0x00000242f6d60200 DEOPT PACKING pc=0x000002429fd62f78 sp=0x00000076e77fe980
Event: 115.837 Thread 0x00000242f6d60200 DEOPT UNPACKING pc=0x000002429f2446a2 sp=0x00000076e77fe960 mode 2
Event: 115.837 Thread 0x00000242f6d60200 Uncommon trap: trap_request=0xffffffc6 fr.pc=0x000002429fd62f78 relative=0x0000000000003098
Event: 115.837 Thread 0x00000242f6d60200 Uncommon trap: reason=bimorphic_or_optimized_type_check action=maybe_recompile pc=0x000002429fd62f78 method=org.eclipse.core.internal.dtree.AbstractDataTreeNode.assembleWith([Lorg/eclipse/core/internal/dtree/AbstractDataTreeNode;[Lorg/eclipse/core/interna
Event: 115.837 Thread 0x00000242f6d60200 DEOPT PACKING pc=0x000002429fd62f78 sp=0x00000076e77fea60
Event: 115.837 Thread 0x00000242f6d60200 DEOPT UNPACKING pc=0x000002429f2446a2 sp=0x00000076e77fea40 mode 2
Event: 115.846 Thread 0x00000242f6d60200 Uncommon trap: trap_request=0xffffffc6 fr.pc=0x000002429f92861c relative=0x00000000000001fc
Event: 115.846 Thread 0x00000242f6d60200 Uncommon trap: reason=bimorphic_or_optimized_type_check action=maybe_recompile pc=0x000002429f92861c method=java.util.Collections.eq(Ljava/lang/Object;Ljava/lang/Object;)Z @ 18 c2
Event: 115.846 Thread 0x00000242f6d60200 DEOPT PACKING pc=0x000002429f92861c sp=0x00000076e77fe2d0
Event: 115.846 Thread 0x00000242f6d60200 DEOPT UNPACKING pc=0x000002429f2446a2 sp=0x00000076e77fe210 mode 2
Event: 115.847 Thread 0x00000242f6d60200 Uncommon trap: trap_request=0xffffffc6 fr.pc=0x000002429f92861c relative=0x00000000000001fc
Event: 115.847 Thread 0x00000242f6d60200 Uncommon trap: reason=bimorphic_or_optimized_type_check action=maybe_recompile pc=0x000002429f92861c method=java.util.Collections.eq(Ljava/lang/Object;Ljava/lang/Object;)Z @ 18 c2
Event: 115.847 Thread 0x00000242f6d60200 DEOPT PACKING pc=0x000002429f92861c sp=0x00000076e77fe430
Event: 115.847 Thread 0x00000242f6d60200 DEOPT UNPACKING pc=0x000002429f2446a2 sp=0x00000076e77fe370 mode 2
Event: 133.044 Thread 0x00000242aeb800e0 Uncommon trap: trap_request=0xffffffde fr.pc=0x000002429f8b4ff0 relative=0x00000000000005f0
Event: 133.044 Thread 0x00000242aeb800e0 Uncommon trap: reason=class_check action=maybe_recompile pc=0x000002429f8b4ff0 method=java.util.AbstractMap.hashCode()I @ 3 c2
Event: 133.044 Thread 0x00000242aeb800e0 DEOPT PACKING pc=0x000002429f8b4ff0 sp=0x00000076e68fe630
Event: 133.045 Thread 0x00000242aeb800e0 DEOPT UNPACKING pc=0x000002429f2446a2 sp=0x00000076e68fe5f8 mode 2

Classes loaded (20 events):
Event: 112.312 Loading class java/util/concurrent/ArrayBlockingQueue
Event: 112.313 Loading class java/util/concurrent/ArrayBlockingQueue done
Event: 112.588 Loading class java/util/Hashtable$ValueCollection
Event: 112.589 Loading class java/util/Hashtable$ValueCollection done
Event: 112.603 Loading class java/util/concurrent/ConcurrentHashMap$KeySpliterator
Event: 112.604 Loading class java/util/concurrent/ConcurrentHashMap$KeySpliterator done
Event: 113.020 Loading class jdk/internal/module/IllegalAccessLogger
Event: 113.020 Loading class jdk/internal/module/IllegalAccessLogger done
Event: 114.849 Loading class java/io/CharArrayWriter
Event: 114.851 Loading class java/io/CharArrayWriter done
Event: 114.896 Loading class java/nio/file/attribute/PosixFileAttributes
Event: 114.898 Loading class java/nio/file/attribute/PosixFileAttributes done
Event: 132.967 Loading class java/lang/Throwable$WrappedPrintWriter
Event: 132.977 Loading class java/lang/Throwable$PrintStreamOrWriter
Event: 132.983 Loading class java/lang/Throwable$PrintStreamOrWriter done
Event: 132.983 Loading class java/lang/Throwable$WrappedPrintWriter done
Event: 133.471 Loading class java/util/concurrent/CompletableFuture$UniApply
Event: 133.492 Loading class java/util/concurrent/CompletableFuture$UniApply done
Event: 133.512 Loading class java/util/concurrent/CompletableFuture$UniExceptionally
Event: 133.514 Loading class java/util/concurrent/CompletableFuture$UniExceptionally done

Classes unloaded (7 events):
Event: 91.247 Thread 0x00000242ae1eebd0 Unloading class 0x00000242b01a3c00 'java/lang/invoke/LambdaForm$MH+0x00000242b01a3c00'
Event: 91.248 Thread 0x00000242ae1eebd0 Unloading class 0x00000242b01a3800 'java/lang/invoke/LambdaForm$MH+0x00000242b01a3800'
Event: 91.248 Thread 0x00000242ae1eebd0 Unloading class 0x00000242b01a3400 'java/lang/invoke/LambdaForm$MH+0x00000242b01a3400'
Event: 91.248 Thread 0x00000242ae1eebd0 Unloading class 0x00000242b01a3000 'java/lang/invoke/LambdaForm$MH+0x00000242b01a3000'
Event: 91.248 Thread 0x00000242ae1eebd0 Unloading class 0x00000242b01a2c00 'java/lang/invoke/LambdaForm$BMH+0x00000242b01a2c00'
Event: 91.248 Thread 0x00000242ae1eebd0 Unloading class 0x00000242b01a2800 'java/lang/invoke/LambdaForm$DMH+0x00000242b01a2800'
Event: 91.248 Thread 0x00000242ae1eebd0 Unloading class 0x00000242b01a1400 'java/lang/invoke/LambdaForm$DMH+0x00000242b01a1400'

Classes redefined (0 events):
No events

Internal exceptions (20 events):
Event: 111.860 Thread 0x00000242aeb7f3c0 Exception <a 'java/lang/NoSuchMethodError'{0x000000071a14dd70}: 'java.lang.Object java.lang.invoke.DirectMethodHandle$Holder.invokeStatic(java.lang.Object, java.lang.Object, int, java.lang.Object)'> (0x000000071a14dd70) 
thrown [s\src\hotspot\share\interpreter\linkResolver.cpp, line 773]
Event: 112.522 Thread 0x00000242f6d62960 Exception <a 'java/lang/NoSuchMethodError'{0x00000007192568d8}: 'void java.lang.invoke.DirectMethodHandle$Holder.invokeStatic(java.lang.Object, int, java.lang.Object)'> (0x00000007192568d8) 
thrown [s\src\hotspot\share\interpreter\linkResolver.cpp, line 773]
Event: 112.613 Thread 0x00000242f6d60200 Exception <a 'java/lang/NoSuchMethodError'{0x0000000719348098}: 'java.lang.Object java.lang.invoke.DirectMethodHandle$Holder.newInvokeSpecial(java.lang.Object, java.lang.Object, int, int, java.lang.Object)'> (0x0000000719348098) 
thrown [s\src\hotspot\share\interpreter\linkResolver.cpp, line 773]
Event: 112.686 Thread 0x00000242f6d60200 Exception <a 'sun/nio/fs/WindowsException'{0x000000071912bc18}> (0x000000071912bc18) 
thrown [s\src\hotspot\share\prims\jni.cpp, line 520]
Event: 112.686 Thread 0x00000242f6d5daa0 Exception <a 'sun/nio/fs/WindowsException'{0x000000071b28a728}> (0x000000071b28a728) 
thrown [s\src\hotspot\share\prims\jni.cpp, line 520]
Event: 112.687 Thread 0x00000242f6d5ee50 Exception <a 'sun/nio/fs/WindowsException'{0x000000071b25a1e8}> (0x000000071b25a1e8) 
thrown [s\src\hotspot\share\prims\jni.cpp, line 520]
Event: 113.062 Thread 0x00000242f6d60200 Exception <a 'sun/nio/fs/WindowsException'{0x0000000718402e10}> (0x0000000718402e10) 
thrown [s\src\hotspot\share\prims\jni.cpp, line 520]
Event: 113.062 Thread 0x00000242f6d60200 Exception <a 'sun/nio/fs/WindowsException'{0x0000000718403730}> (0x0000000718403730) 
thrown [s\src\hotspot\share\prims\jni.cpp, line 520]
Event: 113.084 Thread 0x00000242f6d60200 Exception <a 'java/lang/NoSuchMethodError'{0x00000007184268c0}: 'java.lang.Object java.lang.invoke.DirectMethodHandle$Holder.newInvokeSpecial(java.lang.Object, java.lang.Object, int, java.lang.Object, java.lang.Object)'> (0x00000007184268c0) 
thrown [s\src\hotspot\share\interpreter\linkResolver.cpp, line 773]
Event: 113.095 Thread 0x00000242f6d60200 Exception <a 'java/lang/NoSuchMethodError'{0x000000071843e058}: 'java.lang.Object java.lang.invoke.DirectMethodHandle$Holder.invokeSpecial(java.lang.Object, java.lang.Object, java.lang.Object, int, java.lang.Object, java.lang.Object, java.lang.Object)'> (0x000000071843e058) 
thrown [s\src\hotspot\share\interpreter\linkResolver.cpp, line 773]
Event: 113.138 Thread 0x00000242f6d60200 Implicit null exception at 0x000002429fd88ac5 to 0x000002429fd88ca0
Event: 133.448 Thread 0x00000242f6d5fb70 Exception <a 'java/lang/IncompatibleClassChangeError'{0x000000071f6cdaa0}: Found class java.lang.Object, but interface was expected> (0x000000071f6cdaa0) 
thrown [s\src\hotspot\share\interpreter\linkResolver.cpp, line 840]
Event: 133.453 Thread 0x00000242aeb81490 Exception <a 'sun/nio/fs/WindowsException'{0x000000071f439418}> (0x000000071f439418) 
thrown [s\src\hotspot\share\prims\jni.cpp, line 520]
Event: 133.454 Thread 0x00000242aeb81490 Exception <a 'sun/nio/fs/WindowsException'{0x000000071f439d38}> (0x000000071f439d38) 
thrown [s\src\hotspot\share\prims\jni.cpp, line 520]
Event: 133.456 Thread 0x00000242aeb81490 Exception <a 'sun/nio/fs/WindowsException'{0x000000071f43b060}> (0x000000071f43b060) 
thrown [s\src\hotspot\share\prims\jni.cpp, line 520]
Event: 133.456 Thread 0x00000242aeb81490 Exception <a 'sun/nio/fs/WindowsException'{0x000000071f43b980}> (0x000000071f43b980) 
thrown [s\src\hotspot\share\prims\jni.cpp, line 520]
Event: 133.544 Thread 0x00000242aeb81490 Exception <a 'java/io/FileNotFoundException'{0x000000071f453308}> (0x000000071f453308) 
thrown [s\src\hotspot\share\prims\jni.cpp, line 520]
Event: 133.546 Thread 0x00000242aeb81490 Exception <a 'java/io/FileNotFoundException'{0x000000071f454540}> (0x000000071f454540) 
thrown [s\src\hotspot\share\prims\jni.cpp, line 520]
Event: 133.649 Thread 0x00000242aeb81490 Exception <a 'sun/nio/fs/WindowsException'{0x000000071f49a9b8}> (0x000000071f49a9b8) 
thrown [s\src\hotspot\share\prims\jni.cpp, line 520]
Event: 133.649 Thread 0x00000242aeb81490 Exception <a 'sun/nio/fs/WindowsException'{0x000000071f49b2d8}> (0x000000071f49b2d8) 
thrown [s\src\hotspot\share\prims\jni.cpp, line 520]

ZGC Phase Switch (0 events):
No events

VM Operations (20 events):
Event: 112.099 Executing VM operation: HandshakeAllThreads (Deoptimize)
Event: 112.100 Executing VM operation: HandshakeAllThreads (Deoptimize) done
Event: 112.387 Executing VM operation: HandshakeAllThreads (Deoptimize)
Event: 112.387 Executing VM operation: HandshakeAllThreads (Deoptimize) done
Event: 112.387 Executing VM operation: Cleanup
Event: 112.387 Executing VM operation: Cleanup done
Event: 113.393 Executing VM operation: Cleanup
Event: 113.410 Executing VM operation: Cleanup done
Event: 114.038 Executing VM operation: G1CollectForAllocation (G1 Evacuation Pause)
Event: 114.117 Executing VM operation: G1CollectForAllocation (G1 Evacuation Pause) done
Event: 115.118 Executing VM operation: Cleanup
Event: 115.118 Executing VM operation: Cleanup done
Event: 116.122 Executing VM operation: Cleanup
Event: 116.122 Executing VM operation: Cleanup done
Event: 120.463 Executing VM operation: HandshakeAllThreads (HandshakeForDeflation)
Event: 120.463 Executing VM operation: HandshakeAllThreads (HandshakeForDeflation) done
Event: 120.463 Executing VM operation: RendezvousGCThreads
Event: 120.463 Executing VM operation: RendezvousGCThreads done
Event: 133.593 Executing VM operation: Cleanup
Event: 133.641 Executing VM operation: Cleanup done

Memory protections (0 events):
No events

Nmethod flushes (20 events):
Event: 91.368 Thread 0x00000242ae1eebd0 flushing  nmethod 0x00000242983da710
Event: 91.368 Thread 0x00000242ae1eebd0 flushing  nmethod 0x00000242985a1d90
Event: 91.368 Thread 0x00000242ae1eebd0 flushing osr nmethod 0x00000242985d6f90
Event: 91.368 Thread 0x00000242ae1eebd0 flushing  nmethod 0x00000242985edd90
Event: 91.368 Thread 0x00000242ae1eebd0 flushing  nmethod 0x00000242985f0290
Event: 91.368 Thread 0x00000242ae1eebd0 flushing  nmethod 0x00000242985f0690
Event: 91.368 Thread 0x00000242ae1eebd0 flushing  nmethod 0x00000242985f0b90
Event: 91.368 Thread 0x00000242ae1eebd0 flushing  nmethod 0x00000242985f1590
Event: 91.368 Thread 0x00000242ae1eebd0 flushing  nmethod 0x00000242985f1a90
Event: 91.368 Thread 0x00000242ae1eebd0 flushing  nmethod 0x00000242985fc510
Event: 91.368 Thread 0x00000242ae1eebd0 flushing osr nmethod 0x0000024298600410
Event: 91.368 Thread 0x00000242ae1eebd0 flushing  nmethod 0x0000024298607d90
Event: 91.368 Thread 0x00000242ae1eebd0 flushing  nmethod 0x000002429860e690
Event: 91.368 Thread 0x00000242ae1eebd0 flushing  nmethod 0x000002429860eb10
Event: 91.368 Thread 0x00000242ae1eebd0 flushing  nmethod 0x0000024298618590
Event: 91.368 Thread 0x00000242ae1eebd0 flushing  nmethod 0x0000024298618a10
Event: 91.368 Thread 0x00000242ae1eebd0 flushing  nmethod 0x000002429867a310
Event: 91.368 Thread 0x00000242ae1eebd0 flushing  nmethod 0x000002429867ff90
Event: 91.368 Thread 0x00000242ae1eebd0 flushing  nmethod 0x00000242986ace10
Event: 91.368 Thread 0x00000242ae1eebd0 flushing  nmethod 0x00000242986bd890

Events (20 events):
Event: 111.214 Thread 0x00000242f6d62ff0 Thread added: 0x00000242f6d5daa0
Event: 111.240 Thread 0x00000242f6d60200 Thread added: 0x00000242f6d615b0
Event: 112.319 Thread 0x00000242f6d60200 Thread added: 0x00000242f6d62960
Event: 112.614 Thread 0x00000242f6d60200 Thread added: 0x00000242f6d63680
Event: 112.688 Thread 0x00000242f6d5ee50 Thread added: 0x00000242ae901e00
Event: 112.704 Thread 0x00000242f6d60200 Thread added: 0x00000242ae902490
Event: 113.033 Thread 0x00000242f6d60200 Thread added: 0x00000242ae908070
Event: 113.205 Thread 0x00000242f6d60200 Thread added: 0x00000242ae905910
Event: 113.205 Thread 0x00000242f6d60200 Thread added: 0x00000242ae9010e0
Event: 113.205 Thread 0x00000242f6d60200 Thread added: 0x00000242ae904bf0
Event: 113.207 Thread 0x00000242f6d60200 Thread added: 0x00000242ae905fa0
Event: 113.207 Thread 0x00000242f6d60200 Thread added: 0x00000242ae906630
Event: 113.493 Thread 0x00000242ae904bf0 Thread exited: 0x00000242ae904bf0
Event: 113.495 Thread 0x00000242ae905910 Thread exited: 0x00000242ae905910
Event: 113.495 Thread 0x00000242ae9010e0 Thread exited: 0x00000242ae9010e0
Event: 113.500 Thread 0x00000242ae906630 Thread exited: 0x00000242ae906630
Event: 113.502 Thread 0x00000242ae905fa0 Thread exited: 0x00000242ae905fa0
Event: 133.500 Thread 0x00000242f6d5fb70 Thread added: 0x00000242ae902b20
Event: 133.549 Thread 0x00000242ae902b20 Thread added: 0x00000242ae9010e0
Event: 133.668 Thread 0x00000242f6d5fb70 Thread added: 0x00000242ae908700


Dynamic libraries:
0x00007ff7ab7d0000 - 0x00007ff7ab7de000 	c:\Users\AGOUROU GUSTAVE\.vscode\extensions\redhat.java-1.44.2025062800-win32-x64\jre\21.0.7-win32-x86_64\bin\java.exe
0x00007ffbd1bd0000 - 0x00007ffbd1dc8000 	C:\WINDOWS\SYSTEM32\ntdll.dll
0x00007ffbd0d00000 - 0x00007ffbd0dc2000 	C:\WINDOWS\System32\KERNEL32.DLL
0x00007ffbcf290000 - 0x00007ffbcf586000 	C:\WINDOWS\System32\KERNELBASE.dll
0x00007ffbcf9b0000 - 0x00007ffbcfab0000 	C:\WINDOWS\System32\ucrtbase.dll
0x00007ffbc8c40000 - 0x00007ffbc8c58000 	c:\Users\AGOUROU GUSTAVE\.vscode\extensions\redhat.java-1.44.2025062800-win32-x64\jre\21.0.7-win32-x86_64\bin\jli.dll
0x00007ffbd03b0000 - 0x00007ffbd054d000 	C:\WINDOWS\System32\USER32.dll
0x00007ffbcf630000 - 0x00007ffbcf652000 	C:\WINDOWS\System32\win32u.dll
0x00007ffbcfd10000 - 0x00007ffbcfd3b000 	C:\WINDOWS\System32\GDI32.dll
0x00007ffbcf890000 - 0x00007ffbcf9a8000 	C:\WINDOWS\System32\gdi32full.dll
0x00007ffbcf590000 - 0x00007ffbcf62d000 	C:\WINDOWS\System32\msvcp_win.dll
0x00007ffbc8810000 - 0x00007ffbc882e000 	c:\Users\AGOUROU GUSTAVE\.vscode\extensions\redhat.java-1.44.2025062800-win32-x64\jre\21.0.7-win32-x86_64\bin\VCRUNTIME140.dll
0x00007ffbc28e0000 - 0x00007ffbc2b7a000 	C:\WINDOWS\WinSxS\amd64_microsoft.windows.common-controls_6595b64144ccf1df_6.0.19041.5915_none_60b4b9d171f9c7c7\COMCTL32.dll
0x00007ffbd0dd0000 - 0x00007ffbd0e6e000 	C:\WINDOWS\System32\msvcrt.dll
0x00007ffbd1740000 - 0x00007ffbd176f000 	C:\WINDOWS\System32\IMM32.DLL
0x00007ffbc8760000 - 0x00007ffbc876c000 	c:\Users\AGOUROU GUSTAVE\.vscode\extensions\redhat.java-1.44.2025062800-win32-x64\jre\21.0.7-win32-x86_64\bin\vcruntime140_1.dll
0x00007ffb9f690000 - 0x00007ffb9f71d000 	c:\Users\AGOUROU GUSTAVE\.vscode\extensions\redhat.java-1.44.2025062800-win32-x64\jre\21.0.7-win32-x86_64\bin\msvcp140.dll
0x00007ffb96180000 - 0x00007ffb96f10000 	c:\Users\AGOUROU GUSTAVE\.vscode\extensions\redhat.java-1.44.2025062800-win32-x64\jre\21.0.7-win32-x86_64\bin\server\jvm.dll
0x00007ffbcfbf0000 - 0x00007ffbcfca1000 	C:\WINDOWS\System32\ADVAPI32.dll
0x00007ffbd00a0000 - 0x00007ffbd013f000 	C:\WINDOWS\System32\sechost.dll
0x00007ffbd0bd0000 - 0x00007ffbd0cf3000 	C:\WINDOWS\System32\RPCRT4.dll
0x00007ffbcf260000 - 0x00007ffbcf287000 	C:\WINDOWS\System32\bcrypt.dll
0x00007ffbd0680000 - 0x00007ffbd06eb000 	C:\WINDOWS\System32\WS2_32.dll
0x00007ffbcf0c0000 - 0x00007ffbcf10b000 	C:\WINDOWS\SYSTEM32\POWRPROF.dll
0x00007ffbc2be0000 - 0x00007ffbc2c07000 	C:\WINDOWS\SYSTEM32\WINMM.dll
0x00007ffbc7800000 - 0x00007ffbc780a000 	C:\WINDOWS\SYSTEM32\VERSION.dll
0x00007ffbcf0a0000 - 0x00007ffbcf0b2000 	C:\WINDOWS\SYSTEM32\UMPDC.dll
0x00007ffbcda20000 - 0x00007ffbcda32000 	C:\WINDOWS\SYSTEM32\kernel.appcore.dll
0x00007ffbc8390000 - 0x00007ffbc839a000 	c:\Users\AGOUROU GUSTAVE\.vscode\extensions\redhat.java-1.44.2025062800-win32-x64\jre\21.0.7-win32-x86_64\bin\jimage.dll
0x00007ffbcd6e0000 - 0x00007ffbcd8e1000 	C:\WINDOWS\SYSTEM32\DBGHELP.DLL
0x00007ffbc89a0000 - 0x00007ffbc89d4000 	C:\WINDOWS\SYSTEM32\dbgcore.DLL
0x00007ffbcfb60000 - 0x00007ffbcfbe2000 	C:\WINDOWS\System32\bcryptPrimitives.dll
0x00007ffbc7020000 - 0x00007ffbc702f000 	c:\Users\AGOUROU GUSTAVE\.vscode\extensions\redhat.java-1.44.2025062800-win32-x64\jre\21.0.7-win32-x86_64\bin\instrument.dll
0x00007ffbba6f0000 - 0x00007ffbba70f000 	c:\Users\AGOUROU GUSTAVE\.vscode\extensions\redhat.java-1.44.2025062800-win32-x64\jre\21.0.7-win32-x86_64\bin\java.dll
0x00007ffbd0fb0000 - 0x00007ffbd171e000 	C:\WINDOWS\System32\SHELL32.dll
0x00007ffbcce60000 - 0x00007ffbcd604000 	C:\WINDOWS\SYSTEM32\windows.storage.dll
0x00007ffbd1770000 - 0x00007ffbd1ac3000 	C:\WINDOWS\System32\combase.dll
0x00007ffbcebc0000 - 0x00007ffbcebeb000 	C:\WINDOWS\SYSTEM32\Wldp.dll
0x00007ffbd0550000 - 0x00007ffbd061d000 	C:\WINDOWS\System32\OLEAUT32.dll
0x00007ffbd1ae0000 - 0x00007ffbd1b8d000 	C:\WINDOWS\System32\SHCORE.dll
0x00007ffbd0700000 - 0x00007ffbd075b000 	C:\WINDOWS\System32\shlwapi.dll
0x00007ffbcf190000 - 0x00007ffbcf1b4000 	C:\WINDOWS\SYSTEM32\profapi.dll
0x00007ffbb3b90000 - 0x00007ffbb3ba8000 	c:\Users\AGOUROU GUSTAVE\.vscode\extensions\redhat.java-1.44.2025062800-win32-x64\jre\21.0.7-win32-x86_64\bin\zip.dll
0x00007ffbc6f20000 - 0x00007ffbc6f30000 	C:\Users\AGOUROU GUSTAVE\.vscode\extensions\redhat.java-1.44.2025062800-win32-x64\jre\21.0.7-win32-x86_64\bin\net.dll
0x00007ffbc63c0000 - 0x00007ffbc64ca000 	C:\WINDOWS\SYSTEM32\WINHTTP.dll
0x00007ffbce920000 - 0x00007ffbce98a000 	C:\WINDOWS\system32\mswsock.dll
0x00007ffbb3a10000 - 0x00007ffbb3a26000 	C:\Users\AGOUROU GUSTAVE\.vscode\extensions\redhat.java-1.44.2025062800-win32-x64\jre\21.0.7-win32-x86_64\bin\nio.dll
0x00007ffbc6e10000 - 0x00007ffbc6e20000 	c:\Users\AGOUROU GUSTAVE\.vscode\extensions\redhat.java-1.44.2025062800-win32-x64\jre\21.0.7-win32-x86_64\bin\verify.dll
0x00007ffbaade0000 - 0x00007ffbaae25000 	C:\Users\AGOUROU GUSTAVE\AppData\Roaming\Code\User\globalStorage\redhat.java\1.44.2025062800\config_win\org.eclipse.equinox.launcher\org.eclipse.equinox.launcher.win32.win32.x86_64_1.2.1300.v20250331-1702\eclipse_11911.dll
0x00007ffbd0280000 - 0x00007ffbd03ab000 	C:\WINDOWS\System32\ole32.dll
0x00007ffbceb10000 - 0x00007ffbceb28000 	C:\WINDOWS\SYSTEM32\CRYPTSP.dll
0x00007ffbce200000 - 0x00007ffbce235000 	C:\WINDOWS\system32\rsaenh.dll
0x00007ffbcf150000 - 0x00007ffbcf17e000 	C:\WINDOWS\SYSTEM32\USERENV.dll
0x00007ffbceb30000 - 0x00007ffbceb3c000 	C:\WINDOWS\SYSTEM32\CRYPTBASE.dll
0x00007ffbce5e0000 - 0x00007ffbce61b000 	C:\WINDOWS\SYSTEM32\IPHLPAPI.DLL
0x00007ffbd06f0000 - 0x00007ffbd06f8000 	C:\WINDOWS\System32\NSI.dll
0x00007ffbab160000 - 0x00007ffbab1a9000 	C:\Users\AGOUROU GUSTAVE\AppData\Local\Temp\jna-705468941\jna10078072854233487063.dll
0x00007ffbd01f0000 - 0x00007ffbd01f8000 	C:\WINDOWS\System32\PSAPI.DLL
0x00007ffbc7d90000 - 0x00007ffbc7da7000 	C:\WINDOWS\SYSTEM32\dhcpcsvc6.DLL
0x00007ffbc76d0000 - 0x00007ffbc76ed000 	C:\WINDOWS\SYSTEM32\dhcpcsvc.DLL
0x00007ffbbd510000 - 0x00007ffbbd51e000 	C:\Users\AGOUROU GUSTAVE\.vscode\extensions\redhat.java-1.44.2025062800-win32-x64\jre\21.0.7-win32-x86_64\bin\sunmscapi.dll
0x00007ffbcf660000 - 0x00007ffbcf7bd000 	C:\WINDOWS\System32\CRYPT32.dll
0x00007ffbcec30000 - 0x00007ffbcec57000 	C:\WINDOWS\SYSTEM32\ncrypt.dll
0x00007ffbcebf0000 - 0x00007ffbcec2b000 	C:\WINDOWS\SYSTEM32\NTASN1.dll
0x00007ffbce620000 - 0x00007ffbce6ea000 	C:\WINDOWS\SYSTEM32\DNSAPI.dll
0x00007ffbc5100000 - 0x00007ffbc510a000 	C:\Windows\System32\rasadhlp.dll
0x00007ffbc5410000 - 0x00007ffbc5490000 	C:\WINDOWS\System32\fwpuclnt.dll
0x00007ffbbd2a0000 - 0x00007ffbbd2a9000 	C:\Users\AGOUROU GUSTAVE\.vscode\extensions\redhat.java-1.44.2025062800-win32-x64\jre\21.0.7-win32-x86_64\bin\extnet.dll

dbghelp: loaded successfully - version: 4.0.5 - missing functions: none
symbol engine: initialized successfully - sym options: 0x614 - pdb path: .;c:\Users\AGOUROU GUSTAVE\.vscode\extensions\redhat.java-1.44.2025062800-win32-x64\jre\21.0.7-win32-x86_64\bin;C:\WINDOWS\SYSTEM32;C:\WINDOWS\WinSxS\amd64_microsoft.windows.common-controls_6595b64144ccf1df_6.0.19041.5915_none_60b4b9d171f9c7c7;c:\Users\AGOUROU GUSTAVE\.vscode\extensions\redhat.java-1.44.2025062800-win32-x64\jre\21.0.7-win32-x86_64\bin\server;C:\Users\AGOUROU GUSTAVE\AppData\Roaming\Code\User\globalStorage\redhat.java\1.44.2025062800\config_win\org.eclipse.equinox.launcher\org.eclipse.equinox.launcher.win32.win32.x86_64_1.2.1300.v20250331-1702;C:\Users\AGOUROU GUSTAVE\AppData\Local\Temp\jna-705468941

VM Arguments:
jvm_args: --add-modules=ALL-SYSTEM --add-opens=java.base/java.util=ALL-UNNAMED --add-opens=java.base/java.lang=ALL-UNNAMED --add-opens=java.base/sun.nio.fs=ALL-UNNAMED -Declipse.application=org.eclipse.jdt.ls.core.id1 -Dosgi.bundles.defaultStartLevel=4 -Declipse.product=org.eclipse.jdt.ls.core.product -Djava.import.generatesMetadataFilesAtProjectRoot=false -DDetectVMInstallationsJob.disabled=true -Dfile.encoding=utf8 -Xlog:disable -Xmx4G -Xms512M -javaagent:c:\Users\AGOUROU GUSTAVE\.vscode\extensions\redhat.java-1.44.2025062800-win32-x64\lombok\lombok-1.18.39-4050.jar -XX:+HeapDumpOnOutOfMemoryError -XX:HeapDumpPath=c:\Users\AGOUROU GUSTAVE\AppData\Roaming\Code\User\workspaceStorage\54fffa1a373d3329a21ab6dc09383b05\redhat.java -Daether.dependencyCollector.impl=bf 
java_command: c:\Users\AGOUROU GUSTAVE\.vscode\extensions\redhat.java-1.44.2025062800-win32-x64\server\plugins\org.eclipse.equinox.launcher_1.7.0.v20250519-0528.jar -configuration c:\Users\AGOUROU GUSTAVE\AppData\Roaming\Code\User\globalStorage\redhat.java\1.44.2025062800\config_win -data c:\Users\AGOUROU GUSTAVE\AppData\Roaming\Code\User\workspaceStorage\54fffa1a373d3329a21ab6dc09383b05\redhat.java\jdt_ws --pipe=\\.\pipe\lsp-bf2645a82beef2e392ef027d86a57303-sock
java_class_path (initial): c:\Users\AGOUROU GUSTAVE\.vscode\extensions\redhat.java-1.44.2025062800-win32-x64\server\plugins\org.eclipse.equinox.launcher_1.7.0.v20250519-0528.jar
Launcher Type: SUN_STANDARD

[Global flags]
     intx CICompilerCount                          = 3                                         {product} {ergonomic}
     uint ConcGCThreads                            = 1                                         {product} {ergonomic}
     uint G1ConcRefinementThreads                  = 4                                         {product} {ergonomic}
   size_t G1HeapRegionSize                         = 2097152                                   {product} {ergonomic}
    uintx GCDrainStackTargetSize                   = 64                                        {product} {ergonomic}
     bool HeapDumpOnOutOfMemoryError               = true                                   {manageable} {command line}
    ccstr HeapDumpPath                             = c:\Users\AGOUROU GUSTAVE\AppData\Roaming\Code\User\workspaceStorage\54fffa1a373d3329a21ab6dc09383b05\redhat.java         {manageable} {command line}
   size_t InitialHeapSize                          = 536870912                                 {product} {command line}
   size_t MarkStackSize                            = 4194304                                   {product} {ergonomic}
   size_t MaxHeapSize                              = 4294967296                                {product} {command line}
   size_t MaxNewSize                               = 2575302656                                {product} {ergonomic}
   size_t MinHeapDeltaBytes                        = 2097152                                   {product} {ergonomic}
   size_t MinHeapSize                              = 536870912                                 {product} {command line}
    uintx NonNMethodCodeHeapSize                   = 5832780                                {pd product} {ergonomic}
    uintx NonProfiledCodeHeapSize                  = 122912730                              {pd product} {ergonomic}
    uintx ProfiledCodeHeapSize                     = 122912730                              {pd product} {ergonomic}
    uintx ReservedCodeCacheSize                    = 251658240                              {pd product} {ergonomic}
     bool SegmentedCodeCache                       = true                                      {product} {ergonomic}
   size_t SoftMaxHeapSize                          = 4294967296                             {manageable} {ergonomic}
     bool UseCompressedOops                        = true                           {product lp64_product} {ergonomic}
     bool UseG1GC                                  = true                                      {product} {ergonomic}
     bool UseLargePagesIndividualAllocation        = false                                  {pd product} {ergonomic}

Logging:
Log output configuration:
 #0: stdout all=off uptime,level,tags foldmultilines=false
 #1: stderr all=off uptime,level,tags foldmultilines=false

Environment Variables:
JAVA_HOME=C:\Program Files\Eclipse Adoptium\jdk-17.0.15+6
PATH=C:\Users\AGOUROU GUSTAVE\Downloads\apache-maven-3.9.9-bin\apache-maven-3.9.9\bin;C:\Program Files\Eclipse Adoptium\jdk-17.0.15+6\bin;C:\Program Files\Common Files\Oracle\Java\javapath;C:\Program Files (x86)\Intel\iCLS Client\;C:\Program Files\Intel\iCLS Client\;C:\WINDOWS\system32;C:\WINDOWS;C:\WINDOWS\System32\Wbem;C:\WINDOWS\System32\WindowsPowerShell\v1.0\;C:\WINDOWS\System32\OpenSSH\;C:\Program Files (x86)\Intel\Intel(R) Management Engine Components\DAL;C:\Program Files\Intel\Intel(R) Management Engine Components\DAL;C:\Program Files (x86)\Intel\Intel(R) Management Engine Components\IPT;C:\Program Files\Intel\Intel(R) Management Engine Components\IPT;C:\Users\AGOUROU GUSTAVE\Downloads\platform-tools_r34.0.3-windows\platform-tools;C:\Program Files\mingw64\bin;C:\Program Files\Git\cmd;C:\Program Files\apache-maven-3.9.9\bin;C:\Program Files\JavaUSBComplete\bin;C:\Windows\Installer\{5D847F4E-C86E-4EEC-8E84-E13E00C48891};C:\Program Files\MySQL\MySQL Server 8.0\bin;C:\Program Files\OpenSSL-Win64\bin;C:\railway\;C:\Users\AGOUROU GUSTAVE\Desktop\Microsoft VS Code\bin;C:\railway\;C:\Program Files\Docker\Docker\resources\bin;;C:\Users\AGOUROU GUSTAVE\Desktop\Microsoft VS Code\bin
USERNAME=AGOUROU GUSTAVE
OS=Windows_NT
PROCESSOR_IDENTIFIER=Intel64 Family 6 Model 61 Stepping 4, GenuineIntel
TMP=C:\Users\AGOURO~1\AppData\Local\Temp
TEMP=C:\Users\AGOURO~1\AppData\Local\Temp




Periodic native trim disabled

---------------  S Y S T E M  ---------------

OS:
 Windows 10 , 64 bit Build 19041 (10.0.19041.5915)
OS uptime: 5 days 3:05 hours
Hyper-V role detected

CPU: total 4 (initial active 4) (2 cores per cpu, 2 threads per core) family 6 model 61 stepping 4 microcode 0x2d, cx8, cmov, fxsr, ht, mmx, 3dnowpref, sse, sse2, sse3, ssse3, sse4.1, sse4.2, popcnt, lzcnt, tsc, tscinvbit, avx, avx2, aes, erms, clmul, bmi1, bmi2, adx, fma, vzeroupper, clflush, hv, rdtscp, f16c
Processor Information for the first 4 processors :
  Max Mhz: 1995, Current Mhz: 1995, Mhz Limit: 1995

Memory: 4k page, system-wide physical 3997M (223M free)
TotalPageFile size 16285M (AvailPageFile size 9M)
current process WorkingSet (physical memory assigned to process): 109M, peak: 402M
current process commit charge ("private bytes"): 751M, peak: 753M

vm_info: OpenJDK 64-Bit Server VM (21.0.7+6-LTS) for windows-amd64 JRE (21.0.7+6-LTS), built on 2025-04-15T00:00:00Z by "admin" with MS VC++ 17.7 (VS2022)

END.
